<?xml version="1.0" encoding="UTF-8"?>
<testsuite xmlns:xsi="http://www.w3.org/2001/XMLSchema-instance" xsi:noNamespaceSchemaLocation="https://maven.apache.org/surefire/maven-surefire-plugin/xsd/surefire-test-report-3.0.xsd" version="3.0" name="hu.unideb.inf.RunCucumberTest" time="90.033" tests="19" errors="1" skipped="0" failures="0">
  <properties>
    <property name="java.specification.version" value="21"/>
    <property name="webdriver.chrome.driver" value="/Users/mahmoudahmedramadan/.cache/selenium/chromedriver/mac-arm64/131.0.6778.108/chromedriver"/>
    <property name="sun.jnu.encoding" value="UTF-8"/>
    <property name="java.class.path" value="/Users/mahmoudahmedramadan/Desktop/SoftwareTesting/software-testing-project/target/test-classes:/Users/mahmoudahmedramadan/Desktop/SoftwareTesting/software-testing-project/target/classes:/Users/mahmoudahmedramadan/.m2/repository/io/cucumber/cucumber-java/7.17.0/cucumber-java-7.17.0.jar:/Users/mahmoudahmedramadan/.m2/repository/io/cucumber/cucumber-core/7.17.0/cucumber-core-7.17.0.jar:/Users/mahmoudahmedramadan/.m2/repository/io/cucumber/cucumber-gherkin/7.17.0/cucumber-gherkin-7.17.0.jar:/Users/mahmoudahmedramadan/.m2/repository/io/cucumber/cucumber-gherkin-messages/7.17.0/cucumber-gherkin-messages-7.17.0.jar:/Users/mahmoudahmedramadan/.m2/repository/io/cucumber/gherkin/28.0.0/gherkin-28.0.0.jar:/Users/mahmoudahmedramadan/.m2/repository/io/cucumber/messages/24.1.0/messages-24.1.0.jar:/Users/mahmoudahmedramadan/.m2/repository/io/cucumber/testng-xml-formatter/0.1.0/testng-xml-formatter-0.1.0.jar:/Users/mahmoudahmedramadan/.m2/repository/io/cucumber/query/12.1.2/query-12.1.2.jar:/Users/mahmoudahmedramadan/.m2/repository/io/cucumber/tag-expressions/6.1.0/tag-expressions-6.1.0.jar:/Users/mahmoudahmedramadan/.m2/repository/io/cucumber/cucumber-expressions/17.1.0/cucumber-expressions-17.1.0.jar:/Users/mahmoudahmedramadan/.m2/repository/io/cucumber/datatable/7.17.0/datatable-7.17.0.jar:/Users/mahmoudahmedramadan/.m2/repository/io/cucumber/cucumber-plugin/7.17.0/cucumber-plugin-7.17.0.jar:/Users/mahmoudahmedramadan/.m2/repository/io/cucumber/docstring/7.17.0/docstring-7.17.0.jar:/Users/mahmoudahmedramadan/.m2/repository/io/cucumber/html-formatter/21.3.1/html-formatter-21.3.1.jar:/Users/mahmoudahmedramadan/.m2/repository/io/cucumber/junit-xml-formatter/0.4.0/junit-xml-formatter-0.4.0.jar:/Users/mahmoudahmedramadan/.m2/repository/io/cucumber/ci-environment/10.0.1/ci-environment-10.0.1.jar:/Users/mahmoudahmedramadan/.m2/repository/org/apiguardian/apiguardian-api/1.1.2/apiguardian-api-1.1.2.jar:/Users/mahmoudahmedramadan/.m2/repository/io/cucumber/cucumber-junit-platform-engine/7.17.0/cucumber-junit-platform-engine-7.17.0.jar:/Users/mahmoudahmedramadan/.m2/repository/org/junit/platform/junit-platform-engine/1.11.0-M1/junit-platform-engine-1.11.0-M1.jar:/Users/mahmoudahmedramadan/.m2/repository/org/opentest4j/opentest4j/1.3.0/opentest4j-1.3.0.jar:/Users/mahmoudahmedramadan/.m2/repository/org/junit/platform/junit-platform-commons/1.11.0-M1/junit-platform-commons-1.11.0-M1.jar:/Users/mahmoudahmedramadan/.m2/repository/org/seleniumhq/selenium/selenium-java/4.27.0/selenium-java-4.27.0.jar:/Users/mahmoudahmedramadan/.m2/repository/org/seleniumhq/selenium/selenium-api/4.27.0/selenium-api-4.27.0.jar:/Users/mahmoudahmedramadan/.m2/repository/org/jspecify/jspecify/1.0.0/jspecify-1.0.0.jar:/Users/mahmoudahmedramadan/.m2/repository/org/seleniumhq/selenium/selenium-chrome-driver/4.27.0/selenium-chrome-driver-4.27.0.jar:/Users/mahmoudahmedramadan/.m2/repository/com/google/auto/service/auto-service-annotations/1.1.1/auto-service-annotations-1.1.1.jar:/Users/mahmoudahmedramadan/.m2/repository/org/seleniumhq/selenium/selenium-chromium-driver/4.27.0/selenium-chromium-driver-4.27.0.jar:/Users/mahmoudahmedramadan/.m2/repository/org/seleniumhq/selenium/selenium-json/4.27.0/selenium-json-4.27.0.jar:/Users/mahmoudahmedramadan/.m2/repository/org/seleniumhq/selenium/selenium-manager/4.27.0/selenium-manager-4.27.0.jar:/Users/mahmoudahmedramadan/.m2/repository/org/seleniumhq/selenium/selenium-devtools-v129/4.27.0/selenium-devtools-v129-4.27.0.jar:/Users/mahmoudahmedramadan/.m2/repository/org/seleniumhq/selenium/selenium-devtools-v130/4.27.0/selenium-devtools-v130-4.27.0.jar:/Users/mahmoudahmedramadan/.m2/repository/org/seleniumhq/selenium/selenium-devtools-v131/4.27.0/selenium-devtools-v131-4.27.0.jar:/Users/mahmoudahmedramadan/.m2/repository/org/seleniumhq/selenium/selenium-devtools-v85/4.27.0/selenium-devtools-v85-4.27.0.jar:/Users/mahmoudahmedramadan/.m2/repository/org/seleniumhq/selenium/selenium-edge-driver/4.27.0/selenium-edge-driver-4.27.0.jar:/Users/mahmoudahmedramadan/.m2/repository/org/seleniumhq/selenium/selenium-firefox-driver/4.27.0/selenium-firefox-driver-4.27.0.jar:/Users/mahmoudahmedramadan/.m2/repository/org/seleniumhq/selenium/selenium-http/4.27.0/selenium-http-4.27.0.jar:/Users/mahmoudahmedramadan/.m2/repository/dev/failsafe/failsafe/3.3.2/failsafe-3.3.2.jar:/Users/mahmoudahmedramadan/.m2/repository/org/seleniumhq/selenium/selenium-ie-driver/4.27.0/selenium-ie-driver-4.27.0.jar:/Users/mahmoudahmedramadan/.m2/repository/org/seleniumhq/selenium/selenium-remote-driver/4.27.0/selenium-remote-driver-4.27.0.jar:/Users/mahmoudahmedramadan/.m2/repository/com/google/guava/guava/33.3.1-jre/guava-33.3.1-jre.jar:/Users/mahmoudahmedramadan/.m2/repository/com/google/guava/failureaccess/1.0.2/failureaccess-1.0.2.jar:/Users/mahmoudahmedramadan/.m2/repository/com/google/guava/listenablefuture/9999.0-empty-to-avoid-conflict-with-guava/listenablefuture-9999.0-empty-to-avoid-conflict-with-guava.jar:/Users/mahmoudahmedramadan/.m2/repository/com/google/code/findbugs/jsr305/3.0.2/jsr305-3.0.2.jar:/Users/mahmoudahmedramadan/.m2/repository/org/checkerframework/checker-qual/3.43.0/checker-qual-3.43.0.jar:/Users/mahmoudahmedramadan/.m2/repository/com/google/errorprone/error_prone_annotations/2.28.0/error_prone_annotations-2.28.0.jar:/Users/mahmoudahmedramadan/.m2/repository/com/google/j2objc/j2objc-annotations/3.0.0/j2objc-annotations-3.0.0.jar:/Users/mahmoudahmedramadan/.m2/repository/io/opentelemetry/semconv/opentelemetry-semconv/1.25.0-alpha/opentelemetry-semconv-1.25.0-alpha.jar:/Users/mahmoudahmedramadan/.m2/repository/io/opentelemetry/opentelemetry-api/1.44.1/opentelemetry-api-1.44.1.jar:/Users/mahmoudahmedramadan/.m2/repository/io/opentelemetry/opentelemetry-context/1.44.1/opentelemetry-context-1.44.1.jar:/Users/mahmoudahmedramadan/.m2/repository/io/opentelemetry/opentelemetry-exporter-logging/1.44.1/opentelemetry-exporter-logging-1.44.1.jar:/Users/mahmoudahmedramadan/.m2/repository/io/opentelemetry/opentelemetry-sdk-common/1.44.1/opentelemetry-sdk-common-1.44.1.jar:/Users/mahmoudahmedramadan/.m2/repository/io/opentelemetry/opentelemetry-sdk-extension-autoconfigure-spi/1.44.1/opentelemetry-sdk-extension-autoconfigure-spi-1.44.1.jar:/Users/mahmoudahmedramadan/.m2/repository/io/opentelemetry/opentelemetry-sdk-extension-autoconfigure/1.44.1/opentelemetry-sdk-extension-autoconfigure-1.44.1.jar:/Users/mahmoudahmedramadan/.m2/repository/io/opentelemetry/opentelemetry-api-incubator/1.44.1-alpha/opentelemetry-api-incubator-1.44.1-alpha.jar:/Users/mahmoudahmedramadan/.m2/repository/io/opentelemetry/opentelemetry-sdk-trace/1.44.1/opentelemetry-sdk-trace-1.44.1.jar:/Users/mahmoudahmedramadan/.m2/repository/io/opentelemetry/opentelemetry-sdk/1.44.1/opentelemetry-sdk-1.44.1.jar:/Users/mahmoudahmedramadan/.m2/repository/io/opentelemetry/opentelemetry-sdk-metrics/1.44.1/opentelemetry-sdk-metrics-1.44.1.jar:/Users/mahmoudahmedramadan/.m2/repository/io/opentelemetry/opentelemetry-sdk-logs/1.44.1/opentelemetry-sdk-logs-1.44.1.jar:/Users/mahmoudahmedramadan/.m2/repository/net/bytebuddy/byte-buddy/1.15.10/byte-buddy-1.15.10.jar:/Users/mahmoudahmedramadan/.m2/repository/org/seleniumhq/selenium/selenium-os/4.27.0/selenium-os-4.27.0.jar:/Users/mahmoudahmedramadan/.m2/repository/org/apache/commons/commons-exec/1.4.0/commons-exec-1.4.0.jar:/Users/mahmoudahmedramadan/.m2/repository/org/seleniumhq/selenium/selenium-safari-driver/4.27.0/selenium-safari-driver-4.27.0.jar:/Users/mahmoudahmedramadan/.m2/repository/org/seleniumhq/selenium/selenium-support/4.27.0/selenium-support-4.27.0.jar:/Users/mahmoudahmedramadan/.m2/repository/io/github/bonigarcia/webdrivermanager/5.8.0/webdrivermanager-5.8.0.jar:/Users/mahmoudahmedramadan/.m2/repository/org/slf4j/slf4j-api/2.0.12/slf4j-api-2.0.12.jar:/Users/mahmoudahmedramadan/.m2/repository/com/google/code/gson/gson/2.10.1/gson-2.10.1.jar:/Users/mahmoudahmedramadan/.m2/repository/com/github/docker-java/docker-java/3.3.6/docker-java-3.3.6.jar:/Users/mahmoudahmedramadan/.m2/repository/com/github/docker-java/docker-java-core/3.3.6/docker-java-core-3.3.6.jar:/Users/mahmoudahmedramadan/.m2/repository/com/github/docker-java/docker-java-api/3.3.6/docker-java-api-3.3.6.jar:/Users/mahmoudahmedramadan/.m2/repository/com/fasterxml/jackson/core/jackson-annotations/2.10.3/jackson-annotations-2.10.3.jar:/Users/mahmoudahmedramadan/.m2/repository/com/fasterxml/jackson/core/jackson-databind/2.10.3/jackson-databind-2.10.3.jar:/Users/mahmoudahmedramadan/.m2/repository/com/fasterxml/jackson/core/jackson-core/2.10.3/jackson-core-2.10.3.jar:/Users/mahmoudahmedramadan/.m2/repository/org/bouncycastle/bcpkix-jdk18on/1.76/bcpkix-jdk18on-1.76.jar:/Users/mahmoudahmedramadan/.m2/repository/org/bouncycastle/bcprov-jdk18on/1.76/bcprov-jdk18on-1.76.jar:/Users/mahmoudahmedramadan/.m2/repository/org/bouncycastle/bcutil-jdk18on/1.76/bcutil-jdk18on-1.76.jar:/Users/mahmoudahmedramadan/.m2/repository/org/slf4j/jcl-over-slf4j/1.7.30/jcl-over-slf4j-1.7.30.jar:/Users/mahmoudahmedramadan/.m2/repository/com/github/docker-java/docker-java-transport-httpclient5/3.3.6/docker-java-transport-httpclient5-3.3.6.jar:/Users/mahmoudahmedramadan/.m2/repository/com/github/docker-java/docker-java-transport/3.3.6/docker-java-transport-3.3.6.jar:/Users/mahmoudahmedramadan/.m2/repository/net/java/dev/jna/jna/5.13.0/jna-5.13.0.jar:/Users/mahmoudahmedramadan/.m2/repository/org/brotli/dec/0.1.2/dec-0.1.2.jar:/Users/mahmoudahmedramadan/.m2/repository/org/apache/commons/commons-lang3/3.14.0/commons-lang3-3.14.0.jar:/Users/mahmoudahmedramadan/.m2/repository/org/apache/commons/commons-compress/1.26.1/commons-compress-1.26.1.jar:/Users/mahmoudahmedramadan/.m2/repository/commons-codec/commons-codec/1.16.1/commons-codec-1.16.1.jar:/Users/mahmoudahmedramadan/.m2/repository/commons-io/commons-io/2.15.1/commons-io-2.15.1.jar:/Users/mahmoudahmedramadan/.m2/repository/org/apache/httpcomponents/client5/httpclient5/5.2.1/httpclient5-5.2.1.jar:/Users/mahmoudahmedramadan/.m2/repository/org/apache/httpcomponents/core5/httpcore5/5.2/httpcore5-5.2.jar:/Users/mahmoudahmedramadan/.m2/repository/org/apache/httpcomponents/core5/httpcore5-h2/5.2/httpcore5-h2-5.2.jar:/Users/mahmoudahmedramadan/.m2/repository/org/junit/platform/junit-platform-suite/1.11.0-M1/junit-platform-suite-1.11.0-M1.jar:/Users/mahmoudahmedramadan/.m2/repository/org/junit/platform/junit-platform-suite-api/1.11.0-M1/junit-platform-suite-api-1.11.0-M1.jar:/Users/mahmoudahmedramadan/.m2/repository/org/junit/platform/junit-platform-suite-engine/1.11.0-M1/junit-platform-suite-engine-1.11.0-M1.jar:/Users/mahmoudahmedramadan/.m2/repository/org/junit/platform/junit-platform-suite-commons/1.11.0-M1/junit-platform-suite-commons-1.11.0-M1.jar:/Users/mahmoudahmedramadan/.m2/repository/org/junit/platform/junit-platform-launcher/1.11.0-M1/junit-platform-launcher-1.11.0-M1.jar:/Users/mahmoudahmedramadan/.m2/repository/org/junit/jupiter/junit-jupiter/5.11.0-M1/junit-jupiter-5.11.0-M1.jar:/Users/mahmoudahmedramadan/.m2/repository/org/junit/jupiter/junit-jupiter-api/5.11.0-M1/junit-jupiter-api-5.11.0-M1.jar:/Users/mahmoudahmedramadan/.m2/repository/org/junit/jupiter/junit-jupiter-params/5.11.0-M1/junit-jupiter-params-5.11.0-M1.jar:/Users/mahmoudahmedramadan/.m2/repository/org/junit/jupiter/junit-jupiter-engine/5.11.0-M1/junit-jupiter-engine-5.11.0-M1.jar:"/>
    <property name="java.vm.vendor" value="Oracle Corporation"/>
    <property name="sun.arch.data.model" value="64"/>
    <property name="java.vendor.url" value="https://java.oracle.com/"/>
    <property name="user.timezone" value="Europe/Budapest"/>
    <property name="os.name" value="Mac OS X"/>
    <property name="java.vm.specification.version" value="21"/>
    <property name="sun.java.launcher" value="SUN_STANDARD"/>
    <property name="user.country" value="EG"/>
    <property name="sun.boot.library.path" value="/Users/mahmoudahmedramadan/.sdkman/candidates/java/21.0.2-open/lib"/>
    <property name="sun.java.command" value="/Users/mahmoudahmedramadan/Desktop/SoftwareTesting/software-testing-project/target/surefire/surefirebooter-20241217222956140_3.jar /Users/mahmoudahmedramadan/Desktop/SoftwareTesting/software-testing-project/target/surefire 2024-12-17T22-29-56_100-jvmRun1 surefire-20241217222956140_1tmp surefire_0-20241217222956140_2tmp"/>
    <property name="http.nonProxyHosts" value="local|*.local|169.254/16|*.169.254/16"/>
    <property name="jdk.debug" value="release"/>
    <property name="surefire.test.class.path" value="/Users/mahmoudahmedramadan/Desktop/SoftwareTesting/software-testing-project/target/test-classes:/Users/mahmoudahmedramadan/Desktop/SoftwareTesting/software-testing-project/target/classes:/Users/mahmoudahmedramadan/.m2/repository/io/cucumber/cucumber-java/7.17.0/cucumber-java-7.17.0.jar:/Users/mahmoudahmedramadan/.m2/repository/io/cucumber/cucumber-core/7.17.0/cucumber-core-7.17.0.jar:/Users/mahmoudahmedramadan/.m2/repository/io/cucumber/cucumber-gherkin/7.17.0/cucumber-gherkin-7.17.0.jar:/Users/mahmoudahmedramadan/.m2/repository/io/cucumber/cucumber-gherkin-messages/7.17.0/cucumber-gherkin-messages-7.17.0.jar:/Users/mahmoudahmedramadan/.m2/repository/io/cucumber/gherkin/28.0.0/gherkin-28.0.0.jar:/Users/mahmoudahmedramadan/.m2/repository/io/cucumber/messages/24.1.0/messages-24.1.0.jar:/Users/mahmoudahmedramadan/.m2/repository/io/cucumber/testng-xml-formatter/0.1.0/testng-xml-formatter-0.1.0.jar:/Users/mahmoudahmedramadan/.m2/repository/io/cucumber/query/12.1.2/query-12.1.2.jar:/Users/mahmoudahmedramadan/.m2/repository/io/cucumber/tag-expressions/6.1.0/tag-expressions-6.1.0.jar:/Users/mahmoudahmedramadan/.m2/repository/io/cucumber/cucumber-expressions/17.1.0/cucumber-expressions-17.1.0.jar:/Users/mahmoudahmedramadan/.m2/repository/io/cucumber/datatable/7.17.0/datatable-7.17.0.jar:/Users/mahmoudahmedramadan/.m2/repository/io/cucumber/cucumber-plugin/7.17.0/cucumber-plugin-7.17.0.jar:/Users/mahmoudahmedramadan/.m2/repository/io/cucumber/docstring/7.17.0/docstring-7.17.0.jar:/Users/mahmoudahmedramadan/.m2/repository/io/cucumber/html-formatter/21.3.1/html-formatter-21.3.1.jar:/Users/mahmoudahmedramadan/.m2/repository/io/cucumber/junit-xml-formatter/0.4.0/junit-xml-formatter-0.4.0.jar:/Users/mahmoudahmedramadan/.m2/repository/io/cucumber/ci-environment/10.0.1/ci-environment-10.0.1.jar:/Users/mahmoudahmedramadan/.m2/repository/org/apiguardian/apiguardian-api/1.1.2/apiguardian-api-1.1.2.jar:/Users/mahmoudahmedramadan/.m2/repository/io/cucumber/cucumber-junit-platform-engine/7.17.0/cucumber-junit-platform-engine-7.17.0.jar:/Users/mahmoudahmedramadan/.m2/repository/org/junit/platform/junit-platform-engine/1.11.0-M1/junit-platform-engine-1.11.0-M1.jar:/Users/mahmoudahmedramadan/.m2/repository/org/opentest4j/opentest4j/1.3.0/opentest4j-1.3.0.jar:/Users/mahmoudahmedramadan/.m2/repository/org/junit/platform/junit-platform-commons/1.11.0-M1/junit-platform-commons-1.11.0-M1.jar:/Users/mahmoudahmedramadan/.m2/repository/org/seleniumhq/selenium/selenium-java/4.27.0/selenium-java-4.27.0.jar:/Users/mahmoudahmedramadan/.m2/repository/org/seleniumhq/selenium/selenium-api/4.27.0/selenium-api-4.27.0.jar:/Users/mahmoudahmedramadan/.m2/repository/org/jspecify/jspecify/1.0.0/jspecify-1.0.0.jar:/Users/mahmoudahmedramadan/.m2/repository/org/seleniumhq/selenium/selenium-chrome-driver/4.27.0/selenium-chrome-driver-4.27.0.jar:/Users/mahmoudahmedramadan/.m2/repository/com/google/auto/service/auto-service-annotations/1.1.1/auto-service-annotations-1.1.1.jar:/Users/mahmoudahmedramadan/.m2/repository/org/seleniumhq/selenium/selenium-chromium-driver/4.27.0/selenium-chromium-driver-4.27.0.jar:/Users/mahmoudahmedramadan/.m2/repository/org/seleniumhq/selenium/selenium-json/4.27.0/selenium-json-4.27.0.jar:/Users/mahmoudahmedramadan/.m2/repository/org/seleniumhq/selenium/selenium-manager/4.27.0/selenium-manager-4.27.0.jar:/Users/mahmoudahmedramadan/.m2/repository/org/seleniumhq/selenium/selenium-devtools-v129/4.27.0/selenium-devtools-v129-4.27.0.jar:/Users/mahmoudahmedramadan/.m2/repository/org/seleniumhq/selenium/selenium-devtools-v130/4.27.0/selenium-devtools-v130-4.27.0.jar:/Users/mahmoudahmedramadan/.m2/repository/org/seleniumhq/selenium/selenium-devtools-v131/4.27.0/selenium-devtools-v131-4.27.0.jar:/Users/mahmoudahmedramadan/.m2/repository/org/seleniumhq/selenium/selenium-devtools-v85/4.27.0/selenium-devtools-v85-4.27.0.jar:/Users/mahmoudahmedramadan/.m2/repository/org/seleniumhq/selenium/selenium-edge-driver/4.27.0/selenium-edge-driver-4.27.0.jar:/Users/mahmoudahmedramadan/.m2/repository/org/seleniumhq/selenium/selenium-firefox-driver/4.27.0/selenium-firefox-driver-4.27.0.jar:/Users/mahmoudahmedramadan/.m2/repository/org/seleniumhq/selenium/selenium-http/4.27.0/selenium-http-4.27.0.jar:/Users/mahmoudahmedramadan/.m2/repository/dev/failsafe/failsafe/3.3.2/failsafe-3.3.2.jar:/Users/mahmoudahmedramadan/.m2/repository/org/seleniumhq/selenium/selenium-ie-driver/4.27.0/selenium-ie-driver-4.27.0.jar:/Users/mahmoudahmedramadan/.m2/repository/org/seleniumhq/selenium/selenium-remote-driver/4.27.0/selenium-remote-driver-4.27.0.jar:/Users/mahmoudahmedramadan/.m2/repository/com/google/guava/guava/33.3.1-jre/guava-33.3.1-jre.jar:/Users/mahmoudahmedramadan/.m2/repository/com/google/guava/failureaccess/1.0.2/failureaccess-1.0.2.jar:/Users/mahmoudahmedramadan/.m2/repository/com/google/guava/listenablefuture/9999.0-empty-to-avoid-conflict-with-guava/listenablefuture-9999.0-empty-to-avoid-conflict-with-guava.jar:/Users/mahmoudahmedramadan/.m2/repository/com/google/code/findbugs/jsr305/3.0.2/jsr305-3.0.2.jar:/Users/mahmoudahmedramadan/.m2/repository/org/checkerframework/checker-qual/3.43.0/checker-qual-3.43.0.jar:/Users/mahmoudahmedramadan/.m2/repository/com/google/errorprone/error_prone_annotations/2.28.0/error_prone_annotations-2.28.0.jar:/Users/mahmoudahmedramadan/.m2/repository/com/google/j2objc/j2objc-annotations/3.0.0/j2objc-annotations-3.0.0.jar:/Users/mahmoudahmedramadan/.m2/repository/io/opentelemetry/semconv/opentelemetry-semconv/1.25.0-alpha/opentelemetry-semconv-1.25.0-alpha.jar:/Users/mahmoudahmedramadan/.m2/repository/io/opentelemetry/opentelemetry-api/1.44.1/opentelemetry-api-1.44.1.jar:/Users/mahmoudahmedramadan/.m2/repository/io/opentelemetry/opentelemetry-context/1.44.1/opentelemetry-context-1.44.1.jar:/Users/mahmoudahmedramadan/.m2/repository/io/opentelemetry/opentelemetry-exporter-logging/1.44.1/opentelemetry-exporter-logging-1.44.1.jar:/Users/mahmoudahmedramadan/.m2/repository/io/opentelemetry/opentelemetry-sdk-common/1.44.1/opentelemetry-sdk-common-1.44.1.jar:/Users/mahmoudahmedramadan/.m2/repository/io/opentelemetry/opentelemetry-sdk-extension-autoconfigure-spi/1.44.1/opentelemetry-sdk-extension-autoconfigure-spi-1.44.1.jar:/Users/mahmoudahmedramadan/.m2/repository/io/opentelemetry/opentelemetry-sdk-extension-autoconfigure/1.44.1/opentelemetry-sdk-extension-autoconfigure-1.44.1.jar:/Users/mahmoudahmedramadan/.m2/repository/io/opentelemetry/opentelemetry-api-incubator/1.44.1-alpha/opentelemetry-api-incubator-1.44.1-alpha.jar:/Users/mahmoudahmedramadan/.m2/repository/io/opentelemetry/opentelemetry-sdk-trace/1.44.1/opentelemetry-sdk-trace-1.44.1.jar:/Users/mahmoudahmedramadan/.m2/repository/io/opentelemetry/opentelemetry-sdk/1.44.1/opentelemetry-sdk-1.44.1.jar:/Users/mahmoudahmedramadan/.m2/repository/io/opentelemetry/opentelemetry-sdk-metrics/1.44.1/opentelemetry-sdk-metrics-1.44.1.jar:/Users/mahmoudahmedramadan/.m2/repository/io/opentelemetry/opentelemetry-sdk-logs/1.44.1/opentelemetry-sdk-logs-1.44.1.jar:/Users/mahmoudahmedramadan/.m2/repository/net/bytebuddy/byte-buddy/1.15.10/byte-buddy-1.15.10.jar:/Users/mahmoudahmedramadan/.m2/repository/org/seleniumhq/selenium/selenium-os/4.27.0/selenium-os-4.27.0.jar:/Users/mahmoudahmedramadan/.m2/repository/org/apache/commons/commons-exec/1.4.0/commons-exec-1.4.0.jar:/Users/mahmoudahmedramadan/.m2/repository/org/seleniumhq/selenium/selenium-safari-driver/4.27.0/selenium-safari-driver-4.27.0.jar:/Users/mahmoudahmedramadan/.m2/repository/org/seleniumhq/selenium/selenium-support/4.27.0/selenium-support-4.27.0.jar:/Users/mahmoudahmedramadan/.m2/repository/io/github/bonigarcia/webdrivermanager/5.8.0/webdrivermanager-5.8.0.jar:/Users/mahmoudahmedramadan/.m2/repository/org/slf4j/slf4j-api/2.0.12/slf4j-api-2.0.12.jar:/Users/mahmoudahmedramadan/.m2/repository/com/google/code/gson/gson/2.10.1/gson-2.10.1.jar:/Users/mahmoudahmedramadan/.m2/repository/com/github/docker-java/docker-java/3.3.6/docker-java-3.3.6.jar:/Users/mahmoudahmedramadan/.m2/repository/com/github/docker-java/docker-java-core/3.3.6/docker-java-core-3.3.6.jar:/Users/mahmoudahmedramadan/.m2/repository/com/github/docker-java/docker-java-api/3.3.6/docker-java-api-3.3.6.jar:/Users/mahmoudahmedramadan/.m2/repository/com/fasterxml/jackson/core/jackson-annotations/2.10.3/jackson-annotations-2.10.3.jar:/Users/mahmoudahmedramadan/.m2/repository/com/fasterxml/jackson/core/jackson-databind/2.10.3/jackson-databind-2.10.3.jar:/Users/mahmoudahmedramadan/.m2/repository/com/fasterxml/jackson/core/jackson-core/2.10.3/jackson-core-2.10.3.jar:/Users/mahmoudahmedramadan/.m2/repository/org/bouncycastle/bcpkix-jdk18on/1.76/bcpkix-jdk18on-1.76.jar:/Users/mahmoudahmedramadan/.m2/repository/org/bouncycastle/bcprov-jdk18on/1.76/bcprov-jdk18on-1.76.jar:/Users/mahmoudahmedramadan/.m2/repository/org/bouncycastle/bcutil-jdk18on/1.76/bcutil-jdk18on-1.76.jar:/Users/mahmoudahmedramadan/.m2/repository/org/slf4j/jcl-over-slf4j/1.7.30/jcl-over-slf4j-1.7.30.jar:/Users/mahmoudahmedramadan/.m2/repository/com/github/docker-java/docker-java-transport-httpclient5/3.3.6/docker-java-transport-httpclient5-3.3.6.jar:/Users/mahmoudahmedramadan/.m2/repository/com/github/docker-java/docker-java-transport/3.3.6/docker-java-transport-3.3.6.jar:/Users/mahmoudahmedramadan/.m2/repository/net/java/dev/jna/jna/5.13.0/jna-5.13.0.jar:/Users/mahmoudahmedramadan/.m2/repository/org/brotli/dec/0.1.2/dec-0.1.2.jar:/Users/mahmoudahmedramadan/.m2/repository/org/apache/commons/commons-lang3/3.14.0/commons-lang3-3.14.0.jar:/Users/mahmoudahmedramadan/.m2/repository/org/apache/commons/commons-compress/1.26.1/commons-compress-1.26.1.jar:/Users/mahmoudahmedramadan/.m2/repository/commons-codec/commons-codec/1.16.1/commons-codec-1.16.1.jar:/Users/mahmoudahmedramadan/.m2/repository/commons-io/commons-io/2.15.1/commons-io-2.15.1.jar:/Users/mahmoudahmedramadan/.m2/repository/org/apache/httpcomponents/client5/httpclient5/5.2.1/httpclient5-5.2.1.jar:/Users/mahmoudahmedramadan/.m2/repository/org/apache/httpcomponents/core5/httpcore5/5.2/httpcore5-5.2.jar:/Users/mahmoudahmedramadan/.m2/repository/org/apache/httpcomponents/core5/httpcore5-h2/5.2/httpcore5-h2-5.2.jar:/Users/mahmoudahmedramadan/.m2/repository/org/junit/platform/junit-platform-suite/1.11.0-M1/junit-platform-suite-1.11.0-M1.jar:/Users/mahmoudahmedramadan/.m2/repository/org/junit/platform/junit-platform-suite-api/1.11.0-M1/junit-platform-suite-api-1.11.0-M1.jar:/Users/mahmoudahmedramadan/.m2/repository/org/junit/platform/junit-platform-suite-engine/1.11.0-M1/junit-platform-suite-engine-1.11.0-M1.jar:/Users/mahmoudahmedramadan/.m2/repository/org/junit/platform/junit-platform-suite-commons/1.11.0-M1/junit-platform-suite-commons-1.11.0-M1.jar:/Users/mahmoudahmedramadan/.m2/repository/org/junit/platform/junit-platform-launcher/1.11.0-M1/junit-platform-launcher-1.11.0-M1.jar:/Users/mahmoudahmedramadan/.m2/repository/org/junit/jupiter/junit-jupiter/5.11.0-M1/junit-jupiter-5.11.0-M1.jar:/Users/mahmoudahmedramadan/.m2/repository/org/junit/jupiter/junit-jupiter-api/5.11.0-M1/junit-jupiter-api-5.11.0-M1.jar:/Users/mahmoudahmedramadan/.m2/repository/org/junit/jupiter/junit-jupiter-params/5.11.0-M1/junit-jupiter-params-5.11.0-M1.jar:/Users/mahmoudahmedramadan/.m2/repository/org/junit/jupiter/junit-jupiter-engine/5.11.0-M1/junit-jupiter-engine-5.11.0-M1.jar:"/>
    <property name="sun.cpu.endian" value="little"/>
    <property name="user.home" value="/Users/mahmoudahmedramadan"/>
    <property name="user.language" value="en"/>
    <property name="java.specification.vendor" value="Oracle Corporation"/>
    <property name="java.version.date" value="2024-01-16"/>
    <property name="java.home" value="/Users/mahmoudahmedramadan/.sdkman/candidates/java/21.0.2-open"/>
    <property name="file.separator" value="/"/>
    <property name="basedir" value="/Users/mahmoudahmedramadan/Desktop/SoftwareTesting/software-testing-project"/>
    <property name="java.vm.compressedOopsMode" value="Zero based"/>
    <property name="line.separator" value="&#10;"/>
    <property name="java.vm.specification.vendor" value="Oracle Corporation"/>
    <property name="java.specification.name" value="Java Platform API Specification"/>
    <property name="apple.awt.application.name" value="ForkedBooter"/>
    <property name="surefire.real.class.path" value="/Users/mahmoudahmedramadan/Desktop/SoftwareTesting/software-testing-project/target/surefire/surefirebooter-20241217222956140_3.jar"/>
    <property name="sun.management.compiler" value="HotSpot 64-Bit Tiered Compilers"/>
    <property name="ftp.nonProxyHosts" value="local|*.local|169.254/16|*.169.254/16"/>
    <property name="java.runtime.version" value="21.0.2+13-58"/>
    <property name="user.name" value="mahmoudahmedramadan"/>
    <property name="stdout.encoding" value="UTF-8"/>
    <property name="path.separator" value=":"/>
    <property name="os.version" value="15.1.1"/>
    <property name="java.runtime.name" value="OpenJDK Runtime Environment"/>
    <property name="file.encoding" value="UTF-8"/>
    <property name="java.vm.name" value="OpenJDK 64-Bit Server VM"/>
    <property name="localRepository" value="/Users/mahmoudahmedramadan/.m2/repository"/>
    <property name="java.vendor.url.bug" value="https://bugreport.java.com/bugreport/"/>
    <property name="java.io.tmpdir" value="/var/folders/vl/3x1dcb_d6f55yz564gp36byc0000gn/T/"/>
    <property name="java.version" value="21.0.2"/>
    <property name="user.dir" value="/Users/mahmoudahmedramadan/Desktop/SoftwareTesting/software-testing-project"/>
    <property name="os.arch" value="aarch64"/>
    <property name="java.vm.specification.name" value="Java Virtual Machine Specification"/>
    <property name="native.encoding" value="UTF-8"/>
    <property name="java.library.path" value="/Users/mahmoudahmedramadan/Library/Java/Extensions:/Library/Java/Extensions:/Network/Library/Java/Extensions:/System/Library/Java/Extensions:/usr/lib/java:."/>
    <property name="java.vm.info" value="mixed mode, sharing"/>
    <property name="stderr.encoding" value="UTF-8"/>
    <property name="java.vendor" value="Oracle Corporation"/>
    <property name="java.vm.version" value="21.0.2+13-58"/>
    <property name="sun.io.unicode.encoding" value="UnicodeBig"/>
    <property name="socksNonProxyHosts" value="local|*.local|169.254/16|*.169.254/16"/>
    <property name="java.class.version" value="65.0"/>
  </properties>
  <testcase name="Example #1.1" classname="Examples" time="22.613">
    <system-out><![CDATA[
Scenario Outline: Logging in with invalid credentials      &amp#27;[90m# hu/unideb/inf/invalidLoginAttempt.feature:14&amp#27;[0m
  &amp#27;[32mGiven &amp#27;[0m&amp#27;[32mthe home page is displayed&amp#27;[0m                         &amp#27;[90m# hu.unideb.inf.CommonStepDefs.theHomePageIsOpened()&amp#27;[0m
  &amp#27;[32mGiven &amp#27;[0m&amp#27;[32mthe &amp#27;[0m&amp#27;[32m&amp#27;[1m'Username'&amp#27;[0m&amp#27;[32m field is filled with &amp#27;[0m&amp#27;[32m&amp#27;[1m'invalid_user'&amp#27;[0m &amp#27;[90m# hu.unideb.inf.CommonStepDefs.theFieldIsFilledWithText(java.lang.String,java.lang.String)&amp#27;[0m
  &amp#27;[32mAnd &amp#27;[0m&amp#27;[32mthe &amp#27;[0m&amp#27;[32m&amp#27;[1m'Password'&amp#27;[0m&amp#27;[32m field is filled with &amp#27;[0m&amp#27;[32m&amp#27;[1m'wrong_pass'&amp#27;[0m     &amp#27;[90m# hu.unideb.inf.CommonStepDefs.theFieldIsFilledWithText(java.lang.String,java.lang.String)&amp#27;[0m
  &amp#27;[32mWhen &amp#27;[0m&amp#27;[32mthe &amp#27;[0m&amp#27;[32m&amp#27;[1m'Login'&amp#27;[0m&amp#27;[32m button is clicked&amp#27;[0m                       &amp#27;[90m# hu.unideb.inf.CommonStepDefs.theButtonIsClicked(java.lang.String)&amp#27;[0m
  &amp#27;[32mThen &amp#27;[0m&amp#27;[32man &amp#27;[0m&amp#27;[32m&amp#27;[1m'<errorMessage>'&amp#27;[0m&amp#27;[32m should be displayed&amp#27;[0m             &amp#27;[90m# hu.unideb.inf.LoginStepDefs.an_error_message_should_be_displayed_saying(java.lang.String)&amp#27;[0m
]]></system-out>
    <system-err><![CDATA[SLF4J(W): No SLF4J providers were found.
SLF4J(W): Defaulting to no-operation (NOP) logger implementation
SLF4J(W): See https://www.slf4j.org/codes.html#noProviders for further details.
]]></system-err>
  </testcase>
  <testcase name="Example #1.1" classname="Examples" time="5.428">
    <system-out><![CDATA[
Scenario Outline: item Purchase Flow                      &amp#27;[90m# hu/unideb/inf/itemPurchase.feature:24&amp#27;[0m
  &amp#27;[32mGiven &amp#27;[0m&amp#27;[32mthe home page is displayed&amp#27;[0m                        &amp#27;[90m# hu.unideb.inf.CommonStepDefs.theHomePageIsOpened()&amp#27;[0m
  &amp#27;[32mAnd &amp#27;[0m&amp#27;[32mthe &amp#27;[0m&amp#27;[32m&amp#27;[1m'Username'&amp#27;[0m&amp#27;[32m field is filled with &amp#27;[0m&amp#27;[32m&amp#27;[1m'standard_user'&amp#27;[0m &amp#27;[90m# hu.unideb.inf.CommonStepDefs.theFieldIsFilledWithText(java.lang.String,java.lang.String)&amp#27;[0m
  &amp#27;[32mAnd &amp#27;[0m&amp#27;[32mthe &amp#27;[0m&amp#27;[32m&amp#27;[1m'Password'&amp#27;[0m&amp#27;[32m field is filled with &amp#27;[0m&amp#27;[32m&amp#27;[1m'secret_sauce'&amp#27;[0m  &amp#27;[90m# hu.unideb.inf.CommonStepDefs.theFieldIsFilledWithText(java.lang.String,java.lang.String)&amp#27;[0m
  &amp#27;[32mAnd &amp#27;[0m&amp#27;[32mthe &amp#27;[0m&amp#27;[32m&amp#27;[1m'Login'&amp#27;[0m&amp#27;[32m button is clicked&amp#27;[0m                       &amp#27;[90m# hu.unideb.inf.CommonStepDefs.theButtonIsClicked(java.lang.String)&amp#27;[0m
  &amp#27;[32mGiven &amp#27;[0m&amp#27;[32mthe &amp#27;[0m&amp#27;[32m&amp#27;[1m'Sauce Labs Backpack'&amp#27;[0m&amp#27;[32m is added to the cart&amp#27;[0m    &amp#27;[90m# hu.unideb.inf.itemPurchaseStepDefs.theItemIsAddedToTheCart(java.lang.String)&amp#27;[0m
  &amp#27;[32mAnd &amp#27;[0m&amp#27;[32mthe &amp#27;[0m&amp#27;[32m&amp#27;[1m'Cart'&amp#27;[0m&amp#27;[32m button is clicked&amp#27;[0m                        &amp#27;[90m# hu.unideb.inf.CommonStepDefs.theButtonIsClicked(java.lang.String)&amp#27;[0m
  &amp#27;[32mAnd &amp#27;[0m&amp#27;[32mthe &amp#27;[0m&amp#27;[32m&amp#27;[1m'Checkout'&amp#27;[0m&amp#27;[32m button is clicked&amp#27;[0m                    &amp#27;[90m# hu.unideb.inf.CommonStepDefs.theButtonIsClicked(java.lang.String)&amp#27;[0m
  &amp#27;[32mAnd &amp#27;[0m&amp#27;[32mthe &amp#27;[0m&amp#27;[32m&amp#27;[1m'First Name'&amp#27;[0m&amp#27;[32m field is filled with &amp#27;[0m&amp#27;[32m&amp#27;[1m'first_name'&amp#27;[0m  &amp#27;[90m# hu.unideb.inf.CommonStepDefs.theFieldIsFilledWithText(java.lang.String,java.lang.String)&amp#27;[0m
  &amp#27;[32mAnd &amp#27;[0m&amp#27;[32mthe &amp#27;[0m&amp#27;[32m&amp#27;[1m'Last Name'&amp#27;[0m&amp#27;[32m field is filled with &amp#27;[0m&amp#27;[32m&amp#27;[1m'last_name'&amp#27;[0m    &amp#27;[90m# hu.unideb.inf.CommonStepDefs.theFieldIsFilledWithText(java.lang.String,java.lang.String)&amp#27;[0m
  &amp#27;[32mAnd &amp#27;[0m&amp#27;[32mthe &amp#27;[0m&amp#27;[32m&amp#27;[1m'Zip Code'&amp#27;[0m&amp#27;[32m field is filled with &amp#27;[0m&amp#27;[32m&amp#27;[1m'1234'&amp#27;[0m          &amp#27;[90m# hu.unideb.inf.CommonStepDefs.theFieldIsFilledWithText(java.lang.String,java.lang.String)&amp#27;[0m
  &amp#27;[32mWhen &amp#27;[0m&amp#27;[32mthe &amp#27;[0m&amp#27;[32m&amp#27;[1m'Continue'&amp#27;[0m&amp#27;[32m button is clicked&amp#27;[0m                   &amp#27;[90m# hu.unideb.inf.CommonStepDefs.theButtonIsClicked(java.lang.String)&amp#27;[0m
  &amp#27;[32mThen &amp#27;[0m&amp#27;[32mthe price should read &amp#27;[0m&amp#27;[32m&amp#27;[1m'Total: $32.39'&amp#27;[0m              &amp#27;[90m# hu.unideb.inf.itemPurchaseStepDefs.thePriceShouldRead(java.lang.String)&amp#27;[0m
  &amp#27;[32mAnd &amp#27;[0m&amp#27;[32mthe &amp#27;[0m&amp#27;[32m&amp#27;[1m'Finish'&amp#27;[0m&amp#27;[32m button is clicked&amp#27;[0m                      &amp#27;[90m# hu.unideb.inf.CommonStepDefs.theButtonIsClicked(java.lang.String)&amp#27;[0m
  &amp#27;[32mAnd &amp#27;[0m&amp#27;[32mthe &amp#27;[0m&amp#27;[32m&amp#27;[1m'Back Home'&amp#27;[0m&amp#27;[32m button is clicked&amp#27;[0m                   &amp#27;[90m# hu.unideb.inf.CommonStepDefs.theButtonIsClicked(java.lang.String)&amp#27;[0m
]]></system-out>
  </testcase>
  <testcase name="Example #1.1" classname="Examples" time="0.533">
    <system-out><![CDATA[
Scenario Outline: Valid login credentials                   &amp#27;[90m# hu/unideb/inf/login.feature:13&amp#27;[0m
  &amp#27;[32mGiven &amp#27;[0m&amp#27;[32mthe home page is displayed&amp#27;[0m                          &amp#27;[90m# hu.unideb.inf.CommonStepDefs.theHomePageIsOpened()&amp#27;[0m
  &amp#27;[32mGiven &amp#27;[0m&amp#27;[32mthe &amp#27;[0m&amp#27;[32m&amp#27;[1m'Username'&amp#27;[0m&amp#27;[32m field is filled with &amp#27;[0m&amp#27;[32m&amp#27;[1m'standard_user'&amp#27;[0m &amp#27;[90m# hu.unideb.inf.CommonStepDefs.theFieldIsFilledWithText(java.lang.String,java.lang.String)&amp#27;[0m
  &amp#27;[32mAnd &amp#27;[0m&amp#27;[32mthe &amp#27;[0m&amp#27;[32m&amp#27;[1m'Password'&amp#27;[0m&amp#27;[32m field is filled with &amp#27;[0m&amp#27;[32m&amp#27;[1m'secret_sauce'&amp#27;[0m    &amp#27;[90m# hu.unideb.inf.CommonStepDefs.theFieldIsFilledWithText(java.lang.String,java.lang.String)&amp#27;[0m
  &amp#27;[32mAnd &amp#27;[0m&amp#27;[32mthe &amp#27;[0m&amp#27;[32m&amp#27;[1m'Login'&amp#27;[0m&amp#27;[32m button is clicked&amp#27;[0m                         &amp#27;[90m# hu.unideb.inf.CommonStepDefs.theButtonIsClicked(java.lang.String)&amp#27;[0m
  &amp#27;[32mThen &amp#27;[0m&amp#27;[32mI should be redirected to the inventory page&amp#27;[0m         &amp#27;[90m# hu.unideb.inf.LoginStepDefs.openInventoryPage()&amp#27;[0m
]]></system-out>
  </testcase>
  <testcase name="Example #1.1" classname="Examples" time="11.66">
    <error message="Expected condition failed: waiting for element to be clickable: By.id: logout_sidebar_link (tried for 10 second(s) with 500 milliseconds interval)&#10;Build info: version: &apos;4.27.0&apos;, revision: &apos;d6e718d134&apos;&#10;System info: os.name: &apos;Mac OS X&apos;, os.arch: &apos;aarch64&apos;, os.version: &apos;15.1.1&apos;, java.version: &apos;21.0.2&apos;&#10;Driver info: org.openqa.selenium.chrome.ChromeDriver&#10;Capabilities {acceptInsecureCerts: false, browserName: chrome, browserVersion: 131.0.6778.140, chrome: {chromedriverVersion: 131.0.6778.108 (3b014839fbc..., userDataDir: /var/folders/vl/3x1dcb_d6f5...}, fedcm:accounts: true, goog:chromeOptions: {debuggerAddress: localhost:55321}, networkConnectionEnabled: false, pageLoadStrategy: normal, platformName: mac, proxy: Proxy(), se:cdp: ws://localhost:55321/devtoo..., se:cdpVersion: 131.0.6778.140, setWindowRect: true, strictFileInteractability: false, timeouts: {implicit: 0, pageLoad: 300000, script: 30000}, unhandledPromptBehavior: dismiss and notify, webauthn:extension:credBlob: true, webauthn:extension:largeBlob: true, webauthn:extension:minPinLength: true, webauthn:extension:prf: true, webauthn:virtualAuthenticators: true}&#10;Session ID: bc9f790c61ece9322df9a2236deee2a7" type="org.openqa.selenium.TimeoutException"><![CDATA[org.openqa.selenium.TimeoutException: 
Expected condition failed: waiting for element to be clickable: By.id: logout_sidebar_link (tried for 10 second(s) with 500 milliseconds interval)
Build info: version: '4.27.0', revision: 'd6e718d134'
System info: os.name: 'Mac OS X', os.arch: 'aarch64', os.version: '15.1.1', java.version: '21.0.2'
Driver info: org.openqa.selenium.chrome.ChromeDriver
Capabilities {acceptInsecureCerts: false, browserName: chrome, browserVersion: 131.0.6778.140, chrome: {chromedriverVersion: 131.0.6778.108 (3b014839fbc..., userDataDir: /var/folders/vl/3x1dcb_d6f5...}, fedcm:accounts: true, goog:chromeOptions: {debuggerAddress: localhost:55321}, networkConnectionEnabled: false, pageLoadStrategy: normal, platformName: mac, proxy: Proxy(), se:cdp: ws://localhost:55321/devtoo..., se:cdpVersion: 131.0.6778.140, setWindowRect: true, strictFileInteractability: false, timeouts: {implicit: 0, pageLoad: 300000, script: 30000}, unhandledPromptBehavior: dismiss and notify, webauthn:extension:credBlob: true, webauthn:extension:largeBlob: true, webauthn:extension:minPinLength: true, webauthn:extension:prf: true, webauthn:virtualAuthenticators: true}
Session ID: bc9f790c61ece9322df9a2236deee2a7
	at org.openqa.selenium.support.ui.WebDriverWait.timeoutException(WebDriverWait.java:84)
	at org.openqa.selenium.support.ui.FluentWait.until(FluentWait.java:228)
	at hu.unideb.inf.HomePage.clickButton(HomePage.java:67)
	at hu.unideb.inf.CommonStepDefs.theButtonIsClicked(CommonStepDefs.java:21)
	at ✽.the 'Logout' button is clicked(classpath:hu/unideb/inf/logout.feature:12)
]]></error>
    <system-out><![CDATA[
Scenario Outline: Logging out of SauceDemo                  &amp#27;[90m# hu/unideb/inf/logout.feature:17&amp#27;[0m
  &amp#27;[32mGiven &amp#27;[0m&amp#27;[32mthe home page is displayed&amp#27;[0m                          &amp#27;[90m# hu.unideb.inf.CommonStepDefs.theHomePageIsOpened()&amp#27;[0m
  &amp#27;[32mGiven &amp#27;[0m&amp#27;[32mthe &amp#27;[0m&amp#27;[32m&amp#27;[1m'Username'&amp#27;[0m&amp#27;[32m field is filled with &amp#27;[0m&amp#27;[32m&amp#27;[1m'standard_user'&amp#27;[0m &amp#27;[90m# hu.unideb.inf.CommonStepDefs.theFieldIsFilledWithText(java.lang.String,java.lang.String)&amp#27;[0m
  &amp#27;[32mAnd &amp#27;[0m&amp#27;[32mthe &amp#27;[0m&amp#27;[32m&amp#27;[1m'Password'&amp#27;[0m&amp#27;[32m field is filled with &amp#27;[0m&amp#27;[32m&amp#27;[1m'secret_sauce'&amp#27;[0m    &amp#27;[90m# hu.unideb.inf.CommonStepDefs.theFieldIsFilledWithText(java.lang.String,java.lang.String)&amp#27;[0m
  &amp#27;[32mAnd &amp#27;[0m&amp#27;[32mthe &amp#27;[0m&amp#27;[32m&amp#27;[1m'Login'&amp#27;[0m&amp#27;[32m button is clicked&amp#27;[0m                         &amp#27;[90m# hu.unideb.inf.CommonStepDefs.theButtonIsClicked(java.lang.String)&amp#27;[0m
  &amp#27;[32mAnd &amp#27;[0m&amp#27;[32mI am on the inventory page&amp#27;[0m                            &amp#27;[90m# hu.unideb.inf.LogoutStepDefs.iAmOnTheInventoryPage()&amp#27;[0m
  &amp#27;[32mWhen &amp#27;[0m&amp#27;[32mthe &amp#27;[0m&amp#27;[32m&amp#27;[1m'Menu'&amp#27;[0m&amp#27;[32m button is clicked&amp#27;[0m                         &amp#27;[90m# hu.unideb.inf.CommonStepDefs.theButtonIsClicked(java.lang.String)&amp#27;[0m
  &amp#27;[31mAnd &amp#27;[0m&amp#27;[31mthe &amp#27;[0m&amp#27;[31m&amp#27;[1m'Logout'&amp#27;[0m&amp#27;[31m button is clicked&amp#27;[0m                        &amp#27;[90m# hu.unideb.inf.CommonStepDefs.theButtonIsClicked(java.lang.String)&amp#27;[0m
      &amp#27;[31morg.openqa.selenium.TimeoutException: Expected condition failed: waiting for element to be clickable: By.id: logout_sidebar_link (tried for 10 second(s) with 500 milliseconds interval)
Build info: version: '4.27.0', revision: 'd6e718d134'
System info: os.name: 'Mac OS X', os.arch: 'aarch64', os.version: '15.1.1', java.version: '21.0.2'
Driver info: org.openqa.selenium.chrome.ChromeDriver
Capabilities {acceptInsecureCerts: false, browserName: chrome, browserVersion: 131.0.6778.140, chrome: {chromedriverVersion: 131.0.6778.108 (3b014839fbc..., userDataDir: /var/folders/vl/3x1dcb_d6f5...}, fedcm:accounts: true, goog:chromeOptions: {debuggerAddress: localhost:55321}, networkConnectionEnabled: false, pageLoadStrategy: normal, platformName: mac, proxy: Proxy(), se:cdp: ws://localhost:55321/devtoo..., se:cdpVersion: 131.0.6778.140, setWindowRect: true, strictFileInteractability: false, timeouts: {implicit: 0, pageLoad: 300000, script: 30000}, unhandledPromptBehavior: dismiss and notify, webauthn:extension:credBlob: true, webauthn:extension:largeBlob: true, webauthn:extension:minPinLength: true, webauthn:extension:prf: true, webauthn:virtualAuthenticators: true}
Session ID: bc9f790c61ece9322df9a2236deee2a7
	at org.openqa.selenium.support.ui.WebDriverWait.timeoutException(WebDriverWait.java:84)
	at org.openqa.selenium.support.ui.FluentWait.until(FluentWait.java:228)
	at hu.unideb.inf.HomePage.clickButton(HomePage.java:67)
	at hu.unideb.inf.CommonStepDefs.theButtonIsClicked(CommonStepDefs.java:21)
	at ✽.the 'Logout' button is clicked(classpath:hu/unideb/inf/logout.feature:12)
&amp#27;[0m
  &amp#27;[36mThen &amp#27;[0m&amp#27;[36mI should be redirected to the login page&amp#27;[0m             &amp#27;[90m# hu.unideb.inf.LogoutStepDefs.iShouldBeRedirectedToTheLoginPage()&amp#27;[0m
]]></system-out>
  </testcase>
  <testcase name="Example #1.2" classname="Examples" time="1.675">
    <system-out><![CDATA[
Scenario Outline: Logging in with invalid credentials    &amp#27;[90m# hu/unideb/inf/invalidLoginAttempt.feature:15&amp#27;[0m
  &amp#27;[32mGiven &amp#27;[0m&amp#27;[32mthe home page is displayed&amp#27;[0m                       &amp#27;[90m# hu.unideb.inf.CommonStepDefs.theHomePageIsOpened()&amp#27;[0m
  &amp#27;[32mGiven &amp#27;[0m&amp#27;[32mthe &amp#27;[0m&amp#27;[32m&amp#27;[1m'Username'&amp#27;[0m&amp#27;[32m field is filled with &amp#27;[0m&amp#27;[32m&amp#27;[1m'test_user'&amp#27;[0m  &amp#27;[90m# hu.unideb.inf.CommonStepDefs.theFieldIsFilledWithText(java.lang.String,java.lang.String)&amp#27;[0m
  &amp#27;[32mAnd &amp#27;[0m&amp#27;[32mthe &amp#27;[0m&amp#27;[32m&amp#27;[1m'Password'&amp#27;[0m&amp#27;[32m field is filled with &amp#27;[0m&amp#27;[32m&amp#27;[1m'incorrect_pw'&amp#27;[0m &amp#27;[90m# hu.unideb.inf.CommonStepDefs.theFieldIsFilledWithText(java.lang.String,java.lang.String)&amp#27;[0m
  &amp#27;[32mWhen &amp#27;[0m&amp#27;[32mthe &amp#27;[0m&amp#27;[32m&amp#27;[1m'Login'&amp#27;[0m&amp#27;[32m button is clicked&amp#27;[0m                     &amp#27;[90m# hu.unideb.inf.CommonStepDefs.theButtonIsClicked(java.lang.String)&amp#27;[0m
  &amp#27;[32mThen &amp#27;[0m&amp#27;[32man &amp#27;[0m&amp#27;[32m&amp#27;[1m'<errorMessage>'&amp#27;[0m&amp#27;[32m should be displayed&amp#27;[0m           &amp#27;[90m# hu.unideb.inf.LoginStepDefs.an_error_message_should_be_displayed_saying(java.lang.String)&amp#27;[0m
]]></system-out>
  </testcase>
  <testcase name="Example #1.2" classname="Examples" time="3.662">
    <system-out><![CDATA[
Scenario Outline: item Purchase Flow                      &amp#27;[90m# hu/unideb/inf/itemPurchase.feature:25&amp#27;[0m
  &amp#27;[32mGiven &amp#27;[0m&amp#27;[32mthe home page is displayed&amp#27;[0m                        &amp#27;[90m# hu.unideb.inf.CommonStepDefs.theHomePageIsOpened()&amp#27;[0m
  &amp#27;[32mAnd &amp#27;[0m&amp#27;[32mthe &amp#27;[0m&amp#27;[32m&amp#27;[1m'Username'&amp#27;[0m&amp#27;[32m field is filled with &amp#27;[0m&amp#27;[32m&amp#27;[1m'standard_user'&amp#27;[0m &amp#27;[90m# hu.unideb.inf.CommonStepDefs.theFieldIsFilledWithText(java.lang.String,java.lang.String)&amp#27;[0m
  &amp#27;[32mAnd &amp#27;[0m&amp#27;[32mthe &amp#27;[0m&amp#27;[32m&amp#27;[1m'Password'&amp#27;[0m&amp#27;[32m field is filled with &amp#27;[0m&amp#27;[32m&amp#27;[1m'secret_sauce'&amp#27;[0m  &amp#27;[90m# hu.unideb.inf.CommonStepDefs.theFieldIsFilledWithText(java.lang.String,java.lang.String)&amp#27;[0m
  &amp#27;[32mAnd &amp#27;[0m&amp#27;[32mthe &amp#27;[0m&amp#27;[32m&amp#27;[1m'Login'&amp#27;[0m&amp#27;[32m button is clicked&amp#27;[0m                       &amp#27;[90m# hu.unideb.inf.CommonStepDefs.theButtonIsClicked(java.lang.String)&amp#27;[0m
  &amp#27;[32mGiven &amp#27;[0m&amp#27;[32mthe &amp#27;[0m&amp#27;[32m&amp#27;[1m'Sauce Labs Bike Light'&amp#27;[0m&amp#27;[32m is added to the cart&amp#27;[0m  &amp#27;[90m# hu.unideb.inf.itemPurchaseStepDefs.theItemIsAddedToTheCart(java.lang.String)&amp#27;[0m
  &amp#27;[32mAnd &amp#27;[0m&amp#27;[32mthe &amp#27;[0m&amp#27;[32m&amp#27;[1m'Cart'&amp#27;[0m&amp#27;[32m button is clicked&amp#27;[0m                        &amp#27;[90m# hu.unideb.inf.CommonStepDefs.theButtonIsClicked(java.lang.String)&amp#27;[0m
  &amp#27;[32mAnd &amp#27;[0m&amp#27;[32mthe &amp#27;[0m&amp#27;[32m&amp#27;[1m'Checkout'&amp#27;[0m&amp#27;[32m button is clicked&amp#27;[0m                    &amp#27;[90m# hu.unideb.inf.CommonStepDefs.theButtonIsClicked(java.lang.String)&amp#27;[0m
  &amp#27;[32mAnd &amp#27;[0m&amp#27;[32mthe &amp#27;[0m&amp#27;[32m&amp#27;[1m'First Name'&amp#27;[0m&amp#27;[32m field is filled with &amp#27;[0m&amp#27;[32m&amp#27;[1m'first_name'&amp#27;[0m  &amp#27;[90m# hu.unideb.inf.CommonStepDefs.theFieldIsFilledWithText(java.lang.String,java.lang.String)&amp#27;[0m
  &amp#27;[32mAnd &amp#27;[0m&amp#27;[32mthe &amp#27;[0m&amp#27;[32m&amp#27;[1m'Last Name'&amp#27;[0m&amp#27;[32m field is filled with &amp#27;[0m&amp#27;[32m&amp#27;[1m'last_name'&amp#27;[0m    &amp#27;[90m# hu.unideb.inf.CommonStepDefs.theFieldIsFilledWithText(java.lang.String,java.lang.String)&amp#27;[0m
  &amp#27;[32mAnd &amp#27;[0m&amp#27;[32mthe &amp#27;[0m&amp#27;[32m&amp#27;[1m'Zip Code'&amp#27;[0m&amp#27;[32m field is filled with &amp#27;[0m&amp#27;[32m&amp#27;[1m'1234'&amp#27;[0m          &amp#27;[90m# hu.unideb.inf.CommonStepDefs.theFieldIsFilledWithText(java.lang.String,java.lang.String)&amp#27;[0m
  &amp#27;[32mWhen &amp#27;[0m&amp#27;[32mthe &amp#27;[0m&amp#27;[32m&amp#27;[1m'Continue'&amp#27;[0m&amp#27;[32m button is clicked&amp#27;[0m                   &amp#27;[90m# hu.unideb.inf.CommonStepDefs.theButtonIsClicked(java.lang.String)&amp#27;[0m
  &amp#27;[32mThen &amp#27;[0m&amp#27;[32mthe price should read &amp#27;[0m&amp#27;[32m&amp#27;[1m'Total: $10.79'&amp#27;[0m              &amp#27;[90m# hu.unideb.inf.itemPurchaseStepDefs.thePriceShouldRead(java.lang.String)&amp#27;[0m
  &amp#27;[32mAnd &amp#27;[0m&amp#27;[32mthe &amp#27;[0m&amp#27;[32m&amp#27;[1m'Finish'&amp#27;[0m&amp#27;[32m button is clicked&amp#27;[0m                      &amp#27;[90m# hu.unideb.inf.CommonStepDefs.theButtonIsClicked(java.lang.String)&amp#27;[0m
  &amp#27;[32mAnd &amp#27;[0m&amp#27;[32mthe &amp#27;[0m&amp#27;[32m&amp#27;[1m'Back Home'&amp#27;[0m&amp#27;[32m button is clicked&amp#27;[0m                   &amp#27;[90m# hu.unideb.inf.CommonStepDefs.theButtonIsClicked(java.lang.String)&amp#27;[0m
]]></system-out>
  </testcase>
  <testcase name="Example #1.2" classname="Examples" time="0.76">
    <system-out><![CDATA[
Scenario Outline: Valid login credentials                  &amp#27;[90m# hu/unideb/inf/login.feature:14&amp#27;[0m
  &amp#27;[32mGiven &amp#27;[0m&amp#27;[32mthe home page is displayed&amp#27;[0m                         &amp#27;[90m# hu.unideb.inf.CommonStepDefs.theHomePageIsOpened()&amp#27;[0m
  &amp#27;[32mGiven &amp#27;[0m&amp#27;[32mthe &amp#27;[0m&amp#27;[32m&amp#27;[1m'Username'&amp#27;[0m&amp#27;[32m field is filled with &amp#27;[0m&amp#27;[32m&amp#27;[1m'problem_user'&amp#27;[0m &amp#27;[90m# hu.unideb.inf.CommonStepDefs.theFieldIsFilledWithText(java.lang.String,java.lang.String)&amp#27;[0m
  &amp#27;[32mAnd &amp#27;[0m&amp#27;[32mthe &amp#27;[0m&amp#27;[32m&amp#27;[1m'Password'&amp#27;[0m&amp#27;[32m field is filled with &amp#27;[0m&amp#27;[32m&amp#27;[1m'secret_sauce'&amp#27;[0m   &amp#27;[90m# hu.unideb.inf.CommonStepDefs.theFieldIsFilledWithText(java.lang.String,java.lang.String)&amp#27;[0m
  &amp#27;[32mAnd &amp#27;[0m&amp#27;[32mthe &amp#27;[0m&amp#27;[32m&amp#27;[1m'Login'&amp#27;[0m&amp#27;[32m button is clicked&amp#27;[0m                        &amp#27;[90m# hu.unideb.inf.CommonStepDefs.theButtonIsClicked(java.lang.String)&amp#27;[0m
  &amp#27;[32mThen &amp#27;[0m&amp#27;[32mI should be redirected to the inventory page&amp#27;[0m        &amp#27;[90m# hu.unideb.inf.LoginStepDefs.openInventoryPage()&amp#27;[0m
]]></system-out>
  </testcase>
  <testcase name="Example #1.2" classname="Examples" time="7.113">
    <system-out><![CDATA[
Scenario Outline: Logging out of SauceDemo                            &amp#27;[90m# hu/unideb/inf/logout.feature:18&amp#27;[0m
  &amp#27;[32mGiven &amp#27;[0m&amp#27;[32mthe home page is displayed&amp#27;[0m                                    &amp#27;[90m# hu.unideb.inf.CommonStepDefs.theHomePageIsOpened()&amp#27;[0m
  &amp#27;[32mGiven &amp#27;[0m&amp#27;[32mthe &amp#27;[0m&amp#27;[32m&amp#27;[1m'Username'&amp#27;[0m&amp#27;[32m field is filled with &amp#27;[0m&amp#27;[32m&amp#27;[1m'performance_glitch_user'&amp#27;[0m &amp#27;[90m# hu.unideb.inf.CommonStepDefs.theFieldIsFilledWithText(java.lang.String,java.lang.String)&amp#27;[0m
  &amp#27;[32mAnd &amp#27;[0m&amp#27;[32mthe &amp#27;[0m&amp#27;[32m&amp#27;[1m'Password'&amp#27;[0m&amp#27;[32m field is filled with &amp#27;[0m&amp#27;[32m&amp#27;[1m'secret_sauce'&amp#27;[0m              &amp#27;[90m# hu.unideb.inf.CommonStepDefs.theFieldIsFilledWithText(java.lang.String,java.lang.String)&amp#27;[0m
  &amp#27;[32mAnd &amp#27;[0m&amp#27;[32mthe &amp#27;[0m&amp#27;[32m&amp#27;[1m'Login'&amp#27;[0m&amp#27;[32m button is clicked&amp#27;[0m                                   &amp#27;[90m# hu.unideb.inf.CommonStepDefs.theButtonIsClicked(java.lang.String)&amp#27;[0m
  &amp#27;[32mAnd &amp#27;[0m&amp#27;[32mI am on the inventory page&amp#27;[0m                                      &amp#27;[90m# hu.unideb.inf.LogoutStepDefs.iAmOnTheInventoryPage()&amp#27;[0m
  &amp#27;[32mWhen &amp#27;[0m&amp#27;[32mthe &amp#27;[0m&amp#27;[32m&amp#27;[1m'Menu'&amp#27;[0m&amp#27;[32m button is clicked&amp#27;[0m                                   &amp#27;[90m# hu.unideb.inf.CommonStepDefs.theButtonIsClicked(java.lang.String)&amp#27;[0m
  &amp#27;[32mAnd &amp#27;[0m&amp#27;[32mthe &amp#27;[0m&amp#27;[32m&amp#27;[1m'Logout'&amp#27;[0m&amp#27;[32m button is clicked&amp#27;[0m                                  &amp#27;[90m# hu.unideb.inf.CommonStepDefs.theButtonIsClicked(java.lang.String)&amp#27;[0m
  &amp#27;[32mThen &amp#27;[0m&amp#27;[32mI should be redirected to the login page&amp#27;[0m                       &amp#27;[90m# hu.unideb.inf.LogoutStepDefs.iShouldBeRedirectedToTheLoginPage()&amp#27;[0m
]]></system-out>
  </testcase>
  <testcase name="Example #1.3" classname="Examples" time="0.502">
    <system-out><![CDATA[
Scenario Outline: Logging in with invalid credentials      &amp#27;[90m# hu/unideb/inf/invalidLoginAttempt.feature:16&amp#27;[0m
  &amp#27;[32mGiven &amp#27;[0m&amp#27;[32mthe home page is displayed&amp#27;[0m                         &amp#27;[90m# hu.unideb.inf.CommonStepDefs.theHomePageIsOpened()&amp#27;[0m
  &amp#27;[32mGiven &amp#27;[0m&amp#27;[32mthe &amp#27;[0m&amp#27;[32m&amp#27;[1m'Username'&amp#27;[0m&amp#27;[32m field is filled with &amp#27;[0m&amp#27;[32m&amp#27;[1m'non_existent'&amp#27;[0m &amp#27;[90m# hu.unideb.inf.CommonStepDefs.theFieldIsFilledWithText(java.lang.String,java.lang.String)&amp#27;[0m
  &amp#27;[32mAnd &amp#27;[0m&amp#27;[32mthe &amp#27;[0m&amp#27;[32m&amp#27;[1m'Password'&amp#27;[0m&amp#27;[32m field is filled with &amp#27;[0m&amp#27;[32m&amp#27;[1m'123456'&amp#27;[0m         &amp#27;[90m# hu.unideb.inf.CommonStepDefs.theFieldIsFilledWithText(java.lang.String,java.lang.String)&amp#27;[0m
  &amp#27;[32mWhen &amp#27;[0m&amp#27;[32mthe &amp#27;[0m&amp#27;[32m&amp#27;[1m'Login'&amp#27;[0m&amp#27;[32m button is clicked&amp#27;[0m                       &amp#27;[90m# hu.unideb.inf.CommonStepDefs.theButtonIsClicked(java.lang.String)&amp#27;[0m
  &amp#27;[32mThen &amp#27;[0m&amp#27;[32man &amp#27;[0m&amp#27;[32m&amp#27;[1m'<errorMessage>'&amp#27;[0m&amp#27;[32m should be displayed&amp#27;[0m             &amp#27;[90m# hu.unideb.inf.LoginStepDefs.an_error_message_should_be_displayed_saying(java.lang.String)&amp#27;[0m
]]></system-out>
  </testcase>
  <testcase name="Example #1.3" classname="Examples" time="7.973">
    <system-out><![CDATA[
Scenario Outline: item Purchase Flow                       &amp#27;[90m# hu/unideb/inf/itemPurchase.feature:26&amp#27;[0m
  &amp#27;[32mGiven &amp#27;[0m&amp#27;[32mthe home page is displayed&amp#27;[0m                         &amp#27;[90m# hu.unideb.inf.CommonStepDefs.theHomePageIsOpened()&amp#27;[0m
  &amp#27;[32mAnd &amp#27;[0m&amp#27;[32mthe &amp#27;[0m&amp#27;[32m&amp#27;[1m'Username'&amp#27;[0m&amp#27;[32m field is filled with &amp#27;[0m&amp#27;[32m&amp#27;[1m'standard_user'&amp#27;[0m  &amp#27;[90m# hu.unideb.inf.CommonStepDefs.theFieldIsFilledWithText(java.lang.String,java.lang.String)&amp#27;[0m
  &amp#27;[32mAnd &amp#27;[0m&amp#27;[32mthe &amp#27;[0m&amp#27;[32m&amp#27;[1m'Password'&amp#27;[0m&amp#27;[32m field is filled with &amp#27;[0m&amp#27;[32m&amp#27;[1m'secret_sauce'&amp#27;[0m   &amp#27;[90m# hu.unideb.inf.CommonStepDefs.theFieldIsFilledWithText(java.lang.String,java.lang.String)&amp#27;[0m
  &amp#27;[32mAnd &amp#27;[0m&amp#27;[32mthe &amp#27;[0m&amp#27;[32m&amp#27;[1m'Login'&amp#27;[0m&amp#27;[32m button is clicked&amp#27;[0m                        &amp#27;[90m# hu.unideb.inf.CommonStepDefs.theButtonIsClicked(java.lang.String)&amp#27;[0m
  &amp#27;[32mGiven &amp#27;[0m&amp#27;[32mthe &amp#27;[0m&amp#27;[32m&amp#27;[1m'Sauce Labs Bolt T-Shirt'&amp#27;[0m&amp#27;[32m is added to the cart&amp#27;[0m &amp#27;[90m# hu.unideb.inf.itemPurchaseStepDefs.theItemIsAddedToTheCart(java.lang.String)&amp#27;[0m
  &amp#27;[32mAnd &amp#27;[0m&amp#27;[32mthe &amp#27;[0m&amp#27;[32m&amp#27;[1m'Cart'&amp#27;[0m&amp#27;[32m button is clicked&amp#27;[0m                         &amp#27;[90m# hu.unideb.inf.CommonStepDefs.theButtonIsClicked(java.lang.String)&amp#27;[0m
  &amp#27;[32mAnd &amp#27;[0m&amp#27;[32mthe &amp#27;[0m&amp#27;[32m&amp#27;[1m'Checkout'&amp#27;[0m&amp#27;[32m button is clicked&amp#27;[0m                     &amp#27;[90m# hu.unideb.inf.CommonStepDefs.theButtonIsClicked(java.lang.String)&amp#27;[0m
  &amp#27;[32mAnd &amp#27;[0m&amp#27;[32mthe &amp#27;[0m&amp#27;[32m&amp#27;[1m'First Name'&amp#27;[0m&amp#27;[32m field is filled with &amp#27;[0m&amp#27;[32m&amp#27;[1m'first_name'&amp#27;[0m   &amp#27;[90m# hu.unideb.inf.CommonStepDefs.theFieldIsFilledWithText(java.lang.String,java.lang.String)&amp#27;[0m
  &amp#27;[32mAnd &amp#27;[0m&amp#27;[32mthe &amp#27;[0m&amp#27;[32m&amp#27;[1m'Last Name'&amp#27;[0m&amp#27;[32m field is filled with &amp#27;[0m&amp#27;[32m&amp#27;[1m'last_name'&amp#27;[0m     &amp#27;[90m# hu.unideb.inf.CommonStepDefs.theFieldIsFilledWithText(java.lang.String,java.lang.String)&amp#27;[0m
  &amp#27;[32mAnd &amp#27;[0m&amp#27;[32mthe &amp#27;[0m&amp#27;[32m&amp#27;[1m'Zip Code'&amp#27;[0m&amp#27;[32m field is filled with &amp#27;[0m&amp#27;[32m&amp#27;[1m'1234'&amp#27;[0m           &amp#27;[90m# hu.unideb.inf.CommonStepDefs.theFieldIsFilledWithText(java.lang.String,java.lang.String)&amp#27;[0m
  &amp#27;[32mWhen &amp#27;[0m&amp#27;[32mthe &amp#27;[0m&amp#27;[32m&amp#27;[1m'Continue'&amp#27;[0m&amp#27;[32m button is clicked&amp#27;[0m                    &amp#27;[90m# hu.unideb.inf.CommonStepDefs.theButtonIsClicked(java.lang.String)&amp#27;[0m
  &amp#27;[32mThen &amp#27;[0m&amp#27;[32mthe price should read &amp#27;[0m&amp#27;[32m&amp#27;[1m'Total: $17.27'&amp#27;[0m               &amp#27;[90m# hu.unideb.inf.itemPurchaseStepDefs.thePriceShouldRead(java.lang.String)&amp#27;[0m
  &amp#27;[32mAnd &amp#27;[0m&amp#27;[32mthe &amp#27;[0m&amp#27;[32m&amp#27;[1m'Finish'&amp#27;[0m&amp#27;[32m button is clicked&amp#27;[0m                       &amp#27;[90m# hu.unideb.inf.CommonStepDefs.theButtonIsClicked(java.lang.String)&amp#27;[0m
  &amp#27;[32mAnd &amp#27;[0m&amp#27;[32mthe &amp#27;[0m&amp#27;[32m&amp#27;[1m'Back Home'&amp#27;[0m&amp#27;[32m button is clicked&amp#27;[0m                    &amp#27;[90m# hu.unideb.inf.CommonStepDefs.theButtonIsClicked(java.lang.String)&amp#27;[0m
]]></system-out>
  </testcase>
  <testcase name="Example #1.3" classname="Examples" time="6.406">
    <system-out><![CDATA[
Scenario Outline: Valid login credentials                             &amp#27;[90m# hu/unideb/inf/login.feature:15&amp#27;[0m
  &amp#27;[32mGiven &amp#27;[0m&amp#27;[32mthe home page is displayed&amp#27;[0m                                    &amp#27;[90m# hu.unideb.inf.CommonStepDefs.theHomePageIsOpened()&amp#27;[0m
  &amp#27;[32mGiven &amp#27;[0m&amp#27;[32mthe &amp#27;[0m&amp#27;[32m&amp#27;[1m'Username'&amp#27;[0m&amp#27;[32m field is filled with &amp#27;[0m&amp#27;[32m&amp#27;[1m'performance_glitch_user'&amp#27;[0m &amp#27;[90m# hu.unideb.inf.CommonStepDefs.theFieldIsFilledWithText(java.lang.String,java.lang.String)&amp#27;[0m
  &amp#27;[32mAnd &amp#27;[0m&amp#27;[32mthe &amp#27;[0m&amp#27;[32m&amp#27;[1m'Password'&amp#27;[0m&amp#27;[32m field is filled with &amp#27;[0m&amp#27;[32m&amp#27;[1m'secret_sauce'&amp#27;[0m              &amp#27;[90m# hu.unideb.inf.CommonStepDefs.theFieldIsFilledWithText(java.lang.String,java.lang.String)&amp#27;[0m
  &amp#27;[32mAnd &amp#27;[0m&amp#27;[32mthe &amp#27;[0m&amp#27;[32m&amp#27;[1m'Login'&amp#27;[0m&amp#27;[32m button is clicked&amp#27;[0m                                   &amp#27;[90m# hu.unideb.inf.CommonStepDefs.theButtonIsClicked(java.lang.String)&amp#27;[0m
  &amp#27;[32mThen &amp#27;[0m&amp#27;[32mI should be redirected to the inventory page&amp#27;[0m                   &amp#27;[90m# hu.unideb.inf.LoginStepDefs.openInventoryPage()&amp#27;[0m
]]></system-out>
  </testcase>
  <testcase name="Example #1.4" classname="Examples" time="0.306">
    <system-out><![CDATA[
Scenario Outline: Logging in with invalid credentials   &amp#27;[90m# hu/unideb/inf/invalidLoginAttempt.feature:17&amp#27;[0m
  &amp#27;[32mGiven &amp#27;[0m&amp#27;[32mthe home page is displayed&amp#27;[0m                      &amp#27;[90m# hu.unideb.inf.CommonStepDefs.theHomePageIsOpened()&amp#27;[0m
  &amp#27;[32mGiven &amp#27;[0m&amp#27;[32mthe &amp#27;[0m&amp#27;[32m&amp#27;[1m'Username'&amp#27;[0m&amp#27;[32m field is filled with &amp#27;[0m&amp#27;[32m&amp#27;[1m'demo_user'&amp#27;[0m &amp#27;[90m# hu.unideb.inf.CommonStepDefs.theFieldIsFilledWithText(java.lang.String,java.lang.String)&amp#27;[0m
  &amp#27;[32mAnd &amp#27;[0m&amp#27;[32mthe &amp#27;[0m&amp#27;[32m&amp#27;[1m'Password'&amp#27;[0m&amp#27;[32m field is filled with &amp#27;[0m&amp#27;[32m&amp#27;[1m'password123'&amp#27;[0m &amp#27;[90m# hu.unideb.inf.CommonStepDefs.theFieldIsFilledWithText(java.lang.String,java.lang.String)&amp#27;[0m
  &amp#27;[32mWhen &amp#27;[0m&amp#27;[32mthe &amp#27;[0m&amp#27;[32m&amp#27;[1m'Login'&amp#27;[0m&amp#27;[32m button is clicked&amp#27;[0m                    &amp#27;[90m# hu.unideb.inf.CommonStepDefs.theButtonIsClicked(java.lang.String)&amp#27;[0m
  &amp#27;[32mThen &amp#27;[0m&amp#27;[32man &amp#27;[0m&amp#27;[32m&amp#27;[1m'<errorMessage>'&amp#27;[0m&amp#27;[32m should be displayed&amp#27;[0m          &amp#27;[90m# hu.unideb.inf.LoginStepDefs.an_error_message_should_be_displayed_saying(java.lang.String)&amp#27;[0m
]]></system-out>
  </testcase>
  <testcase name="Example #1.4" classname="Examples" time="2.493">
    <system-out><![CDATA[
Scenario Outline: item Purchase Flow                        &amp#27;[90m# hu/unideb/inf/itemPurchase.feature:27&amp#27;[0m
  &amp#27;[32mGiven &amp#27;[0m&amp#27;[32mthe home page is displayed&amp#27;[0m                          &amp#27;[90m# hu.unideb.inf.CommonStepDefs.theHomePageIsOpened()&amp#27;[0m
  &amp#27;[32mAnd &amp#27;[0m&amp#27;[32mthe &amp#27;[0m&amp#27;[32m&amp#27;[1m'Username'&amp#27;[0m&amp#27;[32m field is filled with &amp#27;[0m&amp#27;[32m&amp#27;[1m'standard_user'&amp#27;[0m   &amp#27;[90m# hu.unideb.inf.CommonStepDefs.theFieldIsFilledWithText(java.lang.String,java.lang.String)&amp#27;[0m
  &amp#27;[32mAnd &amp#27;[0m&amp#27;[32mthe &amp#27;[0m&amp#27;[32m&amp#27;[1m'Password'&amp#27;[0m&amp#27;[32m field is filled with &amp#27;[0m&amp#27;[32m&amp#27;[1m'secret_sauce'&amp#27;[0m    &amp#27;[90m# hu.unideb.inf.CommonStepDefs.theFieldIsFilledWithText(java.lang.String,java.lang.String)&amp#27;[0m
  &amp#27;[32mAnd &amp#27;[0m&amp#27;[32mthe &amp#27;[0m&amp#27;[32m&amp#27;[1m'Login'&amp#27;[0m&amp#27;[32m button is clicked&amp#27;[0m                         &amp#27;[90m# hu.unideb.inf.CommonStepDefs.theButtonIsClicked(java.lang.String)&amp#27;[0m
  &amp#27;[32mGiven &amp#27;[0m&amp#27;[32mthe &amp#27;[0m&amp#27;[32m&amp#27;[1m'Sauce Labs Fleece Jacket'&amp#27;[0m&amp#27;[32m is added to the cart&amp#27;[0m &amp#27;[90m# hu.unideb.inf.itemPurchaseStepDefs.theItemIsAddedToTheCart(java.lang.String)&amp#27;[0m
  &amp#27;[32mAnd &amp#27;[0m&amp#27;[32mthe &amp#27;[0m&amp#27;[32m&amp#27;[1m'Cart'&amp#27;[0m&amp#27;[32m button is clicked&amp#27;[0m                          &amp#27;[90m# hu.unideb.inf.CommonStepDefs.theButtonIsClicked(java.lang.String)&amp#27;[0m
  &amp#27;[32mAnd &amp#27;[0m&amp#27;[32mthe &amp#27;[0m&amp#27;[32m&amp#27;[1m'Checkout'&amp#27;[0m&amp#27;[32m button is clicked&amp#27;[0m                      &amp#27;[90m# hu.unideb.inf.CommonStepDefs.theButtonIsClicked(java.lang.String)&amp#27;[0m
  &amp#27;[32mAnd &amp#27;[0m&amp#27;[32mthe &amp#27;[0m&amp#27;[32m&amp#27;[1m'First Name'&amp#27;[0m&amp#27;[32m field is filled with &amp#27;[0m&amp#27;[32m&amp#27;[1m'first_name'&amp#27;[0m    &amp#27;[90m# hu.unideb.inf.CommonStepDefs.theFieldIsFilledWithText(java.lang.String,java.lang.String)&amp#27;[0m
  &amp#27;[32mAnd &amp#27;[0m&amp#27;[32mthe &amp#27;[0m&amp#27;[32m&amp#27;[1m'Last Name'&amp#27;[0m&amp#27;[32m field is filled with &amp#27;[0m&amp#27;[32m&amp#27;[1m'last_name'&amp#27;[0m      &amp#27;[90m# hu.unideb.inf.CommonStepDefs.theFieldIsFilledWithText(java.lang.String,java.lang.String)&amp#27;[0m
  &amp#27;[32mAnd &amp#27;[0m&amp#27;[32mthe &amp#27;[0m&amp#27;[32m&amp#27;[1m'Zip Code'&amp#27;[0m&amp#27;[32m field is filled with &amp#27;[0m&amp#27;[32m&amp#27;[1m'1234'&amp#27;[0m            &amp#27;[90m# hu.unideb.inf.CommonStepDefs.theFieldIsFilledWithText(java.lang.String,java.lang.String)&amp#27;[0m
  &amp#27;[32mWhen &amp#27;[0m&amp#27;[32mthe &amp#27;[0m&amp#27;[32m&amp#27;[1m'Continue'&amp#27;[0m&amp#27;[32m button is clicked&amp#27;[0m                     &amp#27;[90m# hu.unideb.inf.CommonStepDefs.theButtonIsClicked(java.lang.String)&amp#27;[0m
  &amp#27;[32mThen &amp#27;[0m&amp#27;[32mthe price should read &amp#27;[0m&amp#27;[32m&amp#27;[1m'Total: $53.99'&amp#27;[0m                &amp#27;[90m# hu.unideb.inf.itemPurchaseStepDefs.thePriceShouldRead(java.lang.String)&amp#27;[0m
  &amp#27;[32mAnd &amp#27;[0m&amp#27;[32mthe &amp#27;[0m&amp#27;[32m&amp#27;[1m'Finish'&amp#27;[0m&amp#27;[32m button is clicked&amp#27;[0m                        &amp#27;[90m# hu.unideb.inf.CommonStepDefs.theButtonIsClicked(java.lang.String)&amp#27;[0m
  &amp#27;[32mAnd &amp#27;[0m&amp#27;[32mthe &amp#27;[0m&amp#27;[32m&amp#27;[1m'Back Home'&amp#27;[0m&amp#27;[32m button is clicked&amp#27;[0m                     &amp#27;[90m# hu.unideb.inf.CommonStepDefs.theButtonIsClicked(java.lang.String)&amp#27;[0m
]]></system-out>
  </testcase>
  <testcase name="Example #1.4" classname="Examples" time="11.605">
    <system-out><![CDATA[
Scenario Outline: Valid login credentials                &amp#27;[90m# hu/unideb/inf/login.feature:16&amp#27;[0m
  &amp#27;[32mGiven &amp#27;[0m&amp#27;[32mthe home page is displayed&amp#27;[0m                       &amp#27;[90m# hu.unideb.inf.CommonStepDefs.theHomePageIsOpened()&amp#27;[0m
  &amp#27;[32mGiven &amp#27;[0m&amp#27;[32mthe &amp#27;[0m&amp#27;[32m&amp#27;[1m'Username'&amp#27;[0m&amp#27;[32m field is filled with &amp#27;[0m&amp#27;[32m&amp#27;[1m'error_user'&amp#27;[0m &amp#27;[90m# hu.unideb.inf.CommonStepDefs.theFieldIsFilledWithText(java.lang.String,java.lang.String)&amp#27;[0m
  &amp#27;[32mAnd &amp#27;[0m&amp#27;[32mthe &amp#27;[0m&amp#27;[32m&amp#27;[1m'Password'&amp#27;[0m&amp#27;[32m field is filled with &amp#27;[0m&amp#27;[32m&amp#27;[1m'secret_sauce'&amp#27;[0m &amp#27;[90m# hu.unideb.inf.CommonStepDefs.theFieldIsFilledWithText(java.lang.String,java.lang.String)&amp#27;[0m
  &amp#27;[32mAnd &amp#27;[0m&amp#27;[32mthe &amp#27;[0m&amp#27;[32m&amp#27;[1m'Login'&amp#27;[0m&amp#27;[32m button is clicked&amp#27;[0m                      &amp#27;[90m# hu.unideb.inf.CommonStepDefs.theButtonIsClicked(java.lang.String)&amp#27;[0m
  &amp#27;[32mThen &amp#27;[0m&amp#27;[32mI should be redirected to the inventory page&amp#27;[0m      &amp#27;[90m# hu.unideb.inf.LoginStepDefs.openInventoryPage()&amp#27;[0m
]]></system-out>
  </testcase>
  <testcase name="Example #1.5" classname="Examples" time="1.902">
    <system-out><![CDATA[
Scenario Outline: item Purchase Flow                      &amp#27;[90m# hu/unideb/inf/itemPurchase.feature:28&amp#27;[0m
  &amp#27;[32mGiven &amp#27;[0m&amp#27;[32mthe home page is displayed&amp#27;[0m                        &amp#27;[90m# hu.unideb.inf.CommonStepDefs.theHomePageIsOpened()&amp#27;[0m
  &amp#27;[32mAnd &amp#27;[0m&amp#27;[32mthe &amp#27;[0m&amp#27;[32m&amp#27;[1m'Username'&amp#27;[0m&amp#27;[32m field is filled with &amp#27;[0m&amp#27;[32m&amp#27;[1m'standard_user'&amp#27;[0m &amp#27;[90m# hu.unideb.inf.CommonStepDefs.theFieldIsFilledWithText(java.lang.String,java.lang.String)&amp#27;[0m
  &amp#27;[32mAnd &amp#27;[0m&amp#27;[32mthe &amp#27;[0m&amp#27;[32m&amp#27;[1m'Password'&amp#27;[0m&amp#27;[32m field is filled with &amp#27;[0m&amp#27;[32m&amp#27;[1m'secret_sauce'&amp#27;[0m  &amp#27;[90m# hu.unideb.inf.CommonStepDefs.theFieldIsFilledWithText(java.lang.String,java.lang.String)&amp#27;[0m
  &amp#27;[32mAnd &amp#27;[0m&amp#27;[32mthe &amp#27;[0m&amp#27;[32m&amp#27;[1m'Login'&amp#27;[0m&amp#27;[32m button is clicked&amp#27;[0m                       &amp#27;[90m# hu.unideb.inf.CommonStepDefs.theButtonIsClicked(java.lang.String)&amp#27;[0m
  &amp#27;[32mGiven &amp#27;[0m&amp#27;[32mthe &amp#27;[0m&amp#27;[32m&amp#27;[1m'Sauce Labs Onesie'&amp#27;[0m&amp#27;[32m is added to the cart&amp#27;[0m      &amp#27;[90m# hu.unideb.inf.itemPurchaseStepDefs.theItemIsAddedToTheCart(java.lang.String)&amp#27;[0m
  &amp#27;[32mAnd &amp#27;[0m&amp#27;[32mthe &amp#27;[0m&amp#27;[32m&amp#27;[1m'Cart'&amp#27;[0m&amp#27;[32m button is clicked&amp#27;[0m                        &amp#27;[90m# hu.unideb.inf.CommonStepDefs.theButtonIsClicked(java.lang.String)&amp#27;[0m
  &amp#27;[32mAnd &amp#27;[0m&amp#27;[32mthe &amp#27;[0m&amp#27;[32m&amp#27;[1m'Checkout'&amp#27;[0m&amp#27;[32m button is clicked&amp#27;[0m                    &amp#27;[90m# hu.unideb.inf.CommonStepDefs.theButtonIsClicked(java.lang.String)&amp#27;[0m
  &amp#27;[32mAnd &amp#27;[0m&amp#27;[32mthe &amp#27;[0m&amp#27;[32m&amp#27;[1m'First Name'&amp#27;[0m&amp#27;[32m field is filled with &amp#27;[0m&amp#27;[32m&amp#27;[1m'first_name'&amp#27;[0m  &amp#27;[90m# hu.unideb.inf.CommonStepDefs.theFieldIsFilledWithText(java.lang.String,java.lang.String)&amp#27;[0m
  &amp#27;[32mAnd &amp#27;[0m&amp#27;[32mthe &amp#27;[0m&amp#27;[32m&amp#27;[1m'Last Name'&amp#27;[0m&amp#27;[32m field is filled with &amp#27;[0m&amp#27;[32m&amp#27;[1m'last_name'&amp#27;[0m    &amp#27;[90m# hu.unideb.inf.CommonStepDefs.theFieldIsFilledWithText(java.lang.String,java.lang.String)&amp#27;[0m
  &amp#27;[32mAnd &amp#27;[0m&amp#27;[32mthe &amp#27;[0m&amp#27;[32m&amp#27;[1m'Zip Code'&amp#27;[0m&amp#27;[32m field is filled with &amp#27;[0m&amp#27;[32m&amp#27;[1m'1234'&amp#27;[0m          &amp#27;[90m# hu.unideb.inf.CommonStepDefs.theFieldIsFilledWithText(java.lang.String,java.lang.String)&amp#27;[0m
  &amp#27;[32mWhen &amp#27;[0m&amp#27;[32mthe &amp#27;[0m&amp#27;[32m&amp#27;[1m'Continue'&amp#27;[0m&amp#27;[32m button is clicked&amp#27;[0m                   &amp#27;[90m# hu.unideb.inf.CommonStepDefs.theButtonIsClicked(java.lang.String)&amp#27;[0m
  &amp#27;[32mThen &amp#27;[0m&amp#27;[32mthe price should read &amp#27;[0m&amp#27;[32m&amp#27;[1m'Total: $8.63'&amp#27;[0m               &amp#27;[90m# hu.unideb.inf.itemPurchaseStepDefs.thePriceShouldRead(java.lang.String)&amp#27;[0m
  &amp#27;[32mAnd &amp#27;[0m&amp#27;[32mthe &amp#27;[0m&amp#27;[32m&amp#27;[1m'Finish'&amp#27;[0m&amp#27;[32m button is clicked&amp#27;[0m                      &amp#27;[90m# hu.unideb.inf.CommonStepDefs.theButtonIsClicked(java.lang.String)&amp#27;[0m
  &amp#27;[32mAnd &amp#27;[0m&amp#27;[32mthe &amp#27;[0m&amp#27;[32m&amp#27;[1m'Back Home'&amp#27;[0m&amp#27;[32m button is clicked&amp#27;[0m                   &amp#27;[90m# hu.unideb.inf.CommonStepDefs.theButtonIsClicked(java.lang.String)&amp#27;[0m
]]></system-out>
  </testcase>
  <testcase name="Example #1.5" classname="Examples" time="0.694">
    <system-out><![CDATA[
Scenario Outline: Valid login credentials                 &amp#27;[90m# hu/unideb/inf/login.feature:17&amp#27;[0m
  &amp#27;[32mGiven &amp#27;[0m&amp#27;[32mthe home page is displayed&amp#27;[0m                        &amp#27;[90m# hu.unideb.inf.CommonStepDefs.theHomePageIsOpened()&amp#27;[0m
  &amp#27;[32mGiven &amp#27;[0m&amp#27;[32mthe &amp#27;[0m&amp#27;[32m&amp#27;[1m'Username'&amp#27;[0m&amp#27;[32m field is filled with &amp#27;[0m&amp#27;[32m&amp#27;[1m'visual_user'&amp#27;[0m &amp#27;[90m# hu.unideb.inf.CommonStepDefs.theFieldIsFilledWithText(java.lang.String,java.lang.String)&amp#27;[0m
  &amp#27;[32mAnd &amp#27;[0m&amp#27;[32mthe &amp#27;[0m&amp#27;[32m&amp#27;[1m'Password'&amp#27;[0m&amp#27;[32m field is filled with &amp#27;[0m&amp#27;[32m&amp#27;[1m'secret_sauce'&amp#27;[0m  &amp#27;[90m# hu.unideb.inf.CommonStepDefs.theFieldIsFilledWithText(java.lang.String,java.lang.String)&amp#27;[0m
  &amp#27;[32mAnd &amp#27;[0m&amp#27;[32mthe &amp#27;[0m&amp#27;[32m&amp#27;[1m'Login'&amp#27;[0m&amp#27;[32m button is clicked&amp#27;[0m                       &amp#27;[90m# hu.unideb.inf.CommonStepDefs.theButtonIsClicked(java.lang.String)&amp#27;[0m
  &amp#27;[32mThen &amp#27;[0m&amp#27;[32mI should be redirected to the inventory page&amp#27;[0m       &amp#27;[90m# hu.unideb.inf.LoginStepDefs.openInventoryPage()&amp#27;[0m
]]></system-out>
  </testcase>
  <testcase name="Example #1.6" classname="Examples" time="1.216">
    <system-out><![CDATA[
Scenario Outline: item Purchase Flow                                 &amp#27;[90m# hu/unideb/inf/itemPurchase.feature:29&amp#27;[0m
  &amp#27;[32mGiven &amp#27;[0m&amp#27;[32mthe home page is displayed&amp#27;[0m                                   &amp#27;[90m# hu.unideb.inf.CommonStepDefs.theHomePageIsOpened()&amp#27;[0m
  &amp#27;[32mAnd &amp#27;[0m&amp#27;[32mthe &amp#27;[0m&amp#27;[32m&amp#27;[1m'Username'&amp#27;[0m&amp#27;[32m field is filled with &amp#27;[0m&amp#27;[32m&amp#27;[1m'standard_user'&amp#27;[0m            &amp#27;[90m# hu.unideb.inf.CommonStepDefs.theFieldIsFilledWithText(java.lang.String,java.lang.String)&amp#27;[0m
  &amp#27;[32mAnd &amp#27;[0m&amp#27;[32mthe &amp#27;[0m&amp#27;[32m&amp#27;[1m'Password'&amp#27;[0m&amp#27;[32m field is filled with &amp#27;[0m&amp#27;[32m&amp#27;[1m'secret_sauce'&amp#27;[0m             &amp#27;[90m# hu.unideb.inf.CommonStepDefs.theFieldIsFilledWithText(java.lang.String,java.lang.String)&amp#27;[0m
  &amp#27;[32mAnd &amp#27;[0m&amp#27;[32mthe &amp#27;[0m&amp#27;[32m&amp#27;[1m'Login'&amp#27;[0m&amp#27;[32m button is clicked&amp#27;[0m                                  &amp#27;[90m# hu.unideb.inf.CommonStepDefs.theButtonIsClicked(java.lang.String)&amp#27;[0m
  &amp#27;[32mGiven &amp#27;[0m&amp#27;[32mthe &amp#27;[0m&amp#27;[32m&amp#27;[1m'Test.allTheThings() T-Shirt (Red)'&amp#27;[0m&amp#27;[32m is added to the cart&amp#27;[0m &amp#27;[90m# hu.unideb.inf.itemPurchaseStepDefs.theItemIsAddedToTheCart(java.lang.String)&amp#27;[0m
  &amp#27;[32mAnd &amp#27;[0m&amp#27;[32mthe &amp#27;[0m&amp#27;[32m&amp#27;[1m'Cart'&amp#27;[0m&amp#27;[32m button is clicked&amp#27;[0m                                   &amp#27;[90m# hu.unideb.inf.CommonStepDefs.theButtonIsClicked(java.lang.String)&amp#27;[0m
  &amp#27;[32mAnd &amp#27;[0m&amp#27;[32mthe &amp#27;[0m&amp#27;[32m&amp#27;[1m'Checkout'&amp#27;[0m&amp#27;[32m button is clicked&amp#27;[0m                               &amp#27;[90m# hu.unideb.inf.CommonStepDefs.theButtonIsClicked(java.lang.String)&amp#27;[0m
  &amp#27;[32mAnd &amp#27;[0m&amp#27;[32mthe &amp#27;[0m&amp#27;[32m&amp#27;[1m'First Name'&amp#27;[0m&amp#27;[32m field is filled with &amp#27;[0m&amp#27;[32m&amp#27;[1m'first_name'&amp#27;[0m             &amp#27;[90m# hu.unideb.inf.CommonStepDefs.theFieldIsFilledWithText(java.lang.String,java.lang.String)&amp#27;[0m
  &amp#27;[32mAnd &amp#27;[0m&amp#27;[32mthe &amp#27;[0m&amp#27;[32m&amp#27;[1m'Last Name'&amp#27;[0m&amp#27;[32m field is filled with &amp#27;[0m&amp#27;[32m&amp#27;[1m'last_name'&amp#27;[0m               &amp#27;[90m# hu.unideb.inf.CommonStepDefs.theFieldIsFilledWithText(java.lang.String,java.lang.String)&amp#27;[0m
  &amp#27;[32mAnd &amp#27;[0m&amp#27;[32mthe &amp#27;[0m&amp#27;[32m&amp#27;[1m'Zip Code'&amp#27;[0m&amp#27;[32m field is filled with &amp#27;[0m&amp#27;[32m&amp#27;[1m'1234'&amp#27;[0m                     &amp#27;[90m# hu.unideb.inf.CommonStepDefs.theFieldIsFilledWithText(java.lang.String,java.lang.String)&amp#27;[0m
  &amp#27;[32mWhen &amp#27;[0m&amp#27;[32mthe &amp#27;[0m&amp#27;[32m&amp#27;[1m'Continue'&amp#27;[0m&amp#27;[32m button is clicked&amp#27;[0m                              &amp#27;[90m# hu.unideb.inf.CommonStepDefs.theButtonIsClicked(java.lang.String)&amp#27;[0m
  &amp#27;[32mThen &amp#27;[0m&amp#27;[32mthe price should read &amp#27;[0m&amp#27;[32m&amp#27;[1m'Total: $17.27'&amp#27;[0m                         &amp#27;[90m# hu.unideb.inf.itemPurchaseStepDefs.thePriceShouldRead(java.lang.String)&amp#27;[0m
  &amp#27;[32mAnd &amp#27;[0m&amp#27;[32mthe &amp#27;[0m&amp#27;[32m&amp#27;[1m'Finish'&amp#27;[0m&amp#27;[32m button is clicked&amp#27;[0m                                 &amp#27;[90m# hu.unideb.inf.CommonStepDefs.theButtonIsClicked(java.lang.String)&amp#27;[0m
  &amp#27;[32mAnd &amp#27;[0m&amp#27;[32mthe &amp#27;[0m&amp#27;[32m&amp#27;[1m'Back Home'&amp#27;[0m&amp#27;[32m button is clicked&amp#27;[0m                              &amp#27;[90m# hu.unideb.inf.CommonStepDefs.theButtonIsClicked(java.lang.String)&amp#27;[0m
]]></system-out>
  </testcase>
  <testcase name="Verify sorting products by price from low to high" classname="Validate Inventory Sorting by Price" time="1.47">
    <system-out><![CDATA[
Scenario: Verify sorting products by price from low to high       &amp#27;[90m# hu/unideb/inf/sortingByPriceAsc.feature:9&amp#27;[0m
  &amp#27;[32mGiven &amp#27;[0m&amp#27;[32mthe home page is displayed&amp#27;[0m                                &amp#27;[90m# hu.unideb.inf.CommonStepDefs.theHomePageIsOpened()&amp#27;[0m
  &amp#27;[32mAnd &amp#27;[0m&amp#27;[32mthe &amp#27;[0m&amp#27;[32m&amp#27;[1m'Username'&amp#27;[0m&amp#27;[32m field is filled with &amp#27;[0m&amp#27;[32m&amp#27;[1m'standard_user'&amp#27;[0m         &amp#27;[90m# hu.unideb.inf.CommonStepDefs.theFieldIsFilledWithText(java.lang.String,java.lang.String)&amp#27;[0m
  &amp#27;[32mAnd &amp#27;[0m&amp#27;[32mthe &amp#27;[0m&amp#27;[32m&amp#27;[1m'Password'&amp#27;[0m&amp#27;[32m field is filled with &amp#27;[0m&amp#27;[32m&amp#27;[1m'secret_sauce'&amp#27;[0m          &amp#27;[90m# hu.unideb.inf.CommonStepDefs.theFieldIsFilledWithText(java.lang.String,java.lang.String)&amp#27;[0m
  &amp#27;[32mAnd &amp#27;[0m&amp#27;[32mthe &amp#27;[0m&amp#27;[32m&amp#27;[1m'Login'&amp#27;[0m&amp#27;[32m button is clicked&amp#27;[0m                               &amp#27;[90m# hu.unideb.inf.CommonStepDefs.theButtonIsClicked(java.lang.String)&amp#27;[0m
  &amp#27;[32mWhen &amp#27;[0m&amp#27;[32mI select &amp#27;[0m&amp#27;[32m&amp#27;[1m'Price (low to high)'&amp#27;[0m&amp#27;[32m from the filter dropdown&amp#27;[0m    &amp#27;[90m# hu.unideb.inf.SortingStepDefs.i_select_from_the_filter_dropdown(java.lang.String)&amp#27;[0m
  &amp#27;[32mThen &amp#27;[0m&amp#27;[32mall items should appear sorted by price in ascending order&amp#27;[0m &amp#27;[90m# hu.unideb.inf.SortingStepDefs.theItemsShouldBeSortedByPriceInAscendingOrder()&amp#27;[0m
]]></system-out>
  </testcase>
  <testcase name="Sorting items by price (high to low)" classname="Inventory Sorting by Price (High to Low)" time="0.952">
    <system-out><![CDATA[
Scenario: Sorting items by price (high to low)                 &amp#27;[90m# hu/unideb/inf/sortingByPriceDesc.feature:9&amp#27;[0m
  &amp#27;[32mGiven &amp#27;[0m&amp#27;[32mthe home page is displayed&amp#27;[0m                             &amp#27;[90m# hu.unideb.inf.CommonStepDefs.theHomePageIsOpened()&amp#27;[0m
  &amp#27;[32mAnd &amp#27;[0m&amp#27;[32mthe &amp#27;[0m&amp#27;[32m&amp#27;[1m'Username'&amp#27;[0m&amp#27;[32m field is filled with &amp#27;[0m&amp#27;[32m&amp#27;[1m'standard_user'&amp#27;[0m      &amp#27;[90m# hu.unideb.inf.CommonStepDefs.theFieldIsFilledWithText(java.lang.String,java.lang.String)&amp#27;[0m
  &amp#27;[32mAnd &amp#27;[0m&amp#27;[32mthe &amp#27;[0m&amp#27;[32m&amp#27;[1m'Password'&amp#27;[0m&amp#27;[32m field is filled with &amp#27;[0m&amp#27;[32m&amp#27;[1m'secret_sauce'&amp#27;[0m       &amp#27;[90m# hu.unideb.inf.CommonStepDefs.theFieldIsFilledWithText(java.lang.String,java.lang.String)&amp#27;[0m
  &amp#27;[32mAnd &amp#27;[0m&amp#27;[32mthe &amp#27;[0m&amp#27;[32m&amp#27;[1m'Login'&amp#27;[0m&amp#27;[32m button is clicked&amp#27;[0m                            &amp#27;[90m# hu.unideb.inf.CommonStepDefs.theButtonIsClicked(java.lang.String)&amp#27;[0m
  &amp#27;[32mWhen &amp#27;[0m&amp#27;[32mI select &amp#27;[0m&amp#27;[32m&amp#27;[1m'Price (high to low)'&amp#27;[0m&amp#27;[32m from the filter dropdown&amp#27;[0m &amp#27;[90m# hu.unideb.inf.SortingStepDefs.i_select_from_the_filter_dropdown(java.lang.String)&amp#27;[0m
  &amp#27;[32mThen &amp#27;[0m&amp#27;[32mthe items should be sorted by price in descending order&amp#27;[0m &amp#27;[90m# hu.unideb.inf.SortingStepDefs.theItemsShouldBeSortedByPriceInDescendingOrder()&amp#27;[0m
]]></system-out>
  </testcase>
</testsuite>